Building DAG of jobs...
Using shell: /usr/bin/bash
Provided cluster nodes: 20
Job counts:
	count	jobs
	1	all
	1	calc_freq
	1	call_meth
	1	index_bams
	1	index_reads
	1	merge_fastqs
	1	ngmlr_align
	7

[Fri Aug 21 16:10:08 2020]
rule merge_fastqs:
    input: data/
    output: data/FAB39075-4246400039_Multi_SQK-LSK108_WA01.merged.fastq
    jobid: 5
    wildcards: sample=FAB39075-4246400039_Multi_SQK-LSK108_WA01

Submitted job 5 with external jobid 'Job <3916060> is submitted to default queue <long>.'.
[Fri Aug 21 16:14:09 2020]
Finished job 5.
1 of 7 steps (14%) done

[Fri Aug 21 16:14:09 2020]
rule ngmlr_align:
    input: GCF_000001405.26_GRCh38_genomic.fna, data/FAB39075-4246400039_Multi_SQK-LSK108_WA01.merged.fastq
    output: output/mapped/FAB39075-4246400039_Multi_SQK-LSK108_WA01.sorted.bam
    jobid: 3
    wildcards: sample=FAB39075-4246400039_Multi_SQK-LSK108_WA01

Submitted job 3 with external jobid 'Job <3916090> is submitted to default queue <long>.'.

[Fri Aug 21 16:14:09 2020]
rule index_reads:
    input: data/guppy/, data/FAB39075-4246400039_Multi_SQK-LSK108_WA01.merged.fastq
    output: data/FAB39075-4246400039_Multi_SQK-LSK108_WA01.fq.index, data/FAB39075-4246400039_Multi_SQK-LSK108_WA01.fq.index.gzi, data/FAB39075-4246400039_Multi_SQK-LSK108_WA01.fq.index.fai, data/FAB39075-4246400039_Multi_SQK-LSK108_WA01.fq.index.readdb
    jobid: 6
    wildcards: sample=FAB39075-4246400039_Multi_SQK-LSK108_WA01

Submitted job 6 with external jobid 'Job <3916091> is submitted to default queue <long>.'.
[Fri Aug 21 16:21:09 2020]
Error in rule ngmlr_align:
    jobid: 3
    output: output/mapped/FAB39075-4246400039_Multi_SQK-LSK108_WA01.sorted.bam
    shell:
        ngmlr -t 10 -r GCF_000001405.26_GRCh38_genomic.fna -q data/FAB39075-4246400039_Multi_SQK-LSK108_WA01.merged.fastq -x ont | samtools sort -T tmp -o output/mapped/FAB39075-4246400039_Multi_SQK-LSK108_WA01.sorted.bam
        (one of the commands exited with non-zero exit code; note that snakemake uses bash strict mode!)
    cluster_jobid: Job <3916090> is submitted to default queue <long>.

Error executing rule ngmlr_align on cluster (jobid: 3, external: Job <3916090> is submitted to default queue <long>., jobscript: /icgc/dkfzlsdf/analysis/C010/brooks/meth_calling_pipeline/.snakemake/tmp.t5fkagy2/snakejob.ngmlr_align.3.sh). For error details see the cluster log and the log files of the involved rule(s).
Job failed, going on with independent jobs.
Terminating processes on user request, this might take some time.
Will exit after finishing currently running jobs.
Complete log: /icgc/dkfzlsdf/analysis/C010/brooks/meth_calling_pipeline/.snakemake/log/2020-08-21T161008.033701.snakemake.log
