Building DAG of jobs...
Using shell: /usr/bin/bash
Provided cluster nodes: 20
Job counts:
	count	jobs
	1	all
	1	calc_freq
	1	call_meth
	1	index_bams
	1	index_reads
	1	merge_fastqs
	1	ngmlr_align
	7

[Fri Aug 21 16:34:44 2020]
rule merge_fastqs:
    input: data/
    output: data/FAB39075-4246400039_Multi_SQK-LSK108_WA01.merged.fq
    jobid: 1
    wildcards: sample=FAB39075-4246400039_Multi_SQK-LSK108_WA01

Submitted job 1 with external jobid 'Job <3916121> is submitted to default queue <long>.'.
[Fri Aug 21 16:36:45 2020]
Finished job 1.
1 of 7 steps (14%) done

[Fri Aug 21 16:36:45 2020]
rule index_reads:
    input: data/guppy/, data/FAB39075-4246400039_Multi_SQK-LSK108_WA01.merged.fq
    output: data/FAB39075-4246400039_Multi_SQK-LSK108_WA01.fq.index, data/FAB39075-4246400039_Multi_SQK-LSK108_WA01.fq.index.gzi, data/FAB39075-4246400039_Multi_SQK-LSK108_WA01.fq.index.fai, data/FAB39075-4246400039_Multi_SQK-LSK108_WA01.fq.index.readdb
    jobid: 2
    wildcards: sample=FAB39075-4246400039_Multi_SQK-LSK108_WA01

Submitted job 2 with external jobid 'Job <3916123> is submitted to default queue <long>.'.

[Fri Aug 21 16:36:46 2020]
rule ngmlr_align:
    input: GCF_000001405.26_GRCh38_genomic.fna, data/FAB39075-4246400039_Multi_SQK-LSK108_WA01.merged.fq
    output: output/mapped/FAB39075-4246400039_Multi_SQK-LSK108_WA01.sorted.bam
    jobid: 3
    wildcards: sample=FAB39075-4246400039_Multi_SQK-LSK108_WA01

Submitted job 3 with external jobid 'Job <3916124> is submitted to default queue <long>.'.
[Fri Aug 21 17:09:50 2020]
Error in rule index_reads:
    jobid: 2
    output: data/FAB39075-4246400039_Multi_SQK-LSK108_WA01.fq.index, data/FAB39075-4246400039_Multi_SQK-LSK108_WA01.fq.index.gzi, data/FAB39075-4246400039_Multi_SQK-LSK108_WA01.fq.index.fai, data/FAB39075-4246400039_Multi_SQK-LSK108_WA01.fq.index.readdb
    shell:
        /home/k001y/f5c/f5c index -d data/guppy/ data/FAB39075-4246400039_Multi_SQK-LSK108_WA01.merged.fq
        (one of the commands exited with non-zero exit code; note that snakemake uses bash strict mode!)
    cluster_jobid: Job <3916123> is submitted to default queue <long>.

Error executing rule index_reads on cluster (jobid: 2, external: Job <3916123> is submitted to default queue <long>., jobscript: /icgc/dkfzlsdf/analysis/C010/brooks/meth_calling_pipeline/.snakemake/tmp.lcwwz_em/snakejob.index_reads.2.sh). For error details see the cluster log and the log files of the involved rule(s).
Job failed, going on with independent jobs.
[Fri Aug 21 17:15:30 2020]
Error in rule ngmlr_align:
    jobid: 3
    output: output/mapped/FAB39075-4246400039_Multi_SQK-LSK108_WA01.sorted.bam
    shell:
        ngmlr -t 10 -r GCF_000001405.26_GRCh38_genomic.fna -q data/FAB39075-4246400039_Multi_SQK-LSK108_WA01.merged.fq -x ont | samtools sort -T tmp -o output/mapped/FAB39075-4246400039_Multi_SQK-LSK108_WA01.sorted.bam
        (one of the commands exited with non-zero exit code; note that snakemake uses bash strict mode!)
    cluster_jobid: Job <3916124> is submitted to default queue <long>.

Error executing rule ngmlr_align on cluster (jobid: 3, external: Job <3916124> is submitted to default queue <long>., jobscript: /icgc/dkfzlsdf/analysis/C010/brooks/meth_calling_pipeline/.snakemake/tmp.lcwwz_em/snakejob.ngmlr_align.3.sh). For error details see the cluster log and the log files of the involved rule(s).
Job failed, going on with independent jobs.
Exiting because a job execution failed. Look above for error message
Complete log: /icgc/dkfzlsdf/analysis/C010/brooks/meth_calling_pipeline/.snakemake/log/2020-08-21T163440.802278.snakemake.log
