Building DAG of jobs...
Using shell: /usr/bin/bash
Provided cluster nodes: 20
Job counts:
	count	jobs
	1	all
	19	calc_freq
	19	call_meth
	19	index_bams
	19	ngmlr_align
	77

[Wed Sep  9 21:51:01 2020]
rule ngmlr_align:
    input: GCF_000001405.26_GRCh38_genomic.fna, data/FAB42316-216722908_Multi_SQK-LSK108_WA01.merged.fq
    output: output/mapped/FAB42316-216722908_Multi_SQK-LSK108_WA01.sorted.bam
    jobid: 42
    wildcards: sample=FAB42316-216722908_Multi_SQK-LSK108_WA01

Submitted job 42 with external jobid 'Job <3992013> is submitted to default queue <long>.'.

[Wed Sep  9 21:51:01 2020]
rule ngmlr_align:
    input: GCF_000001405.26_GRCh38_genomic.fna, data/FAB42473-4179682758_Multi_SQK-LSK108_WA01.merged.fq
    output: output/mapped/FAB42473-4179682758_Multi_SQK-LSK108_WA01.sorted.bam
    jobid: 44
    wildcards: sample=FAB42473-4179682758_Multi_SQK-LSK108_WA01

Submitted job 44 with external jobid 'Job <3992014> is submitted to default queue <long>.'.

[Wed Sep  9 21:51:02 2020]
rule ngmlr_align:
    input: GCF_000001405.26_GRCh38_genomic.fna, data/FAB45271-152889212_Multi_SQK-LSK108_WA01.merged.fq
    output: output/mapped/FAB45271-152889212_Multi_SQK-LSK108_WA01.sorted.bam
    jobid: 46
    wildcards: sample=FAB45271-152889212_Multi_SQK-LSK108_WA01

Submitted job 46 with external jobid 'Job <3992015> is submitted to default queue <long>.'.

[Wed Sep  9 21:51:02 2020]
rule ngmlr_align:
    input: GCF_000001405.26_GRCh38_genomic.fna, data/FAB45332-551111640_Multi_SQK-LSK108_WA01.merged.fq
    output: output/mapped/FAB45332-551111640_Multi_SQK-LSK108_WA01.sorted.bam
    jobid: 48
    wildcards: sample=FAB45332-551111640_Multi_SQK-LSK108_WA01

Submitted job 48 with external jobid 'Job <3992016> is submitted to default queue <long>.'.

[Wed Sep  9 21:51:02 2020]
rule ngmlr_align:
    input: GCF_000001405.26_GRCh38_genomic.fna, data/FAB49908-481119249_Multi_SQK-LSK108_WA01.merged.fq
    output: output/mapped/FAB49908-481119249_Multi_SQK-LSK108_WA01.sorted.bam
    jobid: 50
    wildcards: sample=FAB49908-481119249_Multi_SQK-LSK108_WA01

Submitted job 50 with external jobid 'Job <3992017> is submitted to default queue <long>.'.

[Wed Sep  9 21:51:02 2020]
rule ngmlr_align:
    input: GCF_000001405.26_GRCh38_genomic.fna, data/FAF01127-353303576_Multi_SQK-LSK108_WA01.merged.fq
    output: output/mapped/FAF01127-353303576_Multi_SQK-LSK108_WA01.sorted.bam
    jobid: 52
    wildcards: sample=FAF01127-353303576_Multi_SQK-LSK108_WA01

Submitted job 52 with external jobid 'Job <3992018> is submitted to default queue <long>.'.

[Wed Sep  9 21:51:02 2020]
rule ngmlr_align:
    input: GCF_000001405.26_GRCh38_genomic.fna, data/FAB39075-4246400039_Multi_SQK-LSK108_WA01.merged.fq
    output: output/mapped/FAB39075-4246400039_Multi_SQK-LSK108_WA01.sorted.bam
    jobid: 39
    wildcards: sample=FAB39075-4246400039_Multi_SQK-LSK108_WA01

Submitted job 39 with external jobid 'Job <3992019> is submitted to default queue <long>.'.

[Wed Sep  9 21:51:02 2020]
rule ngmlr_align:
    input: GCF_000001405.26_GRCh38_genomic.fna, data/FAB49164-4045668814_Multi_SQK-LSK108_WA01.merged.fq
    output: output/mapped/FAB49164-4045668814_Multi_SQK-LSK108_WA01.sorted.bam
    jobid: 41
    wildcards: sample=FAB49164-4045668814_Multi_SQK-LSK108_WA01

Submitted job 41 with external jobid 'Job <3992020> is submitted to default queue <long>.'.

[Wed Sep  9 21:51:02 2020]
rule ngmlr_align:
    input: GCF_000001405.26_GRCh38_genomic.fna, data/FAF01169-4245879798_Multi_SQK-LSK108_WA01.merged.fq
    output: output/mapped/FAF01169-4245879798_Multi_SQK-LSK108_WA01.sorted.bam
    jobid: 54
    wildcards: sample=FAF01169-4245879798_Multi_SQK-LSK108_WA01

Submitted job 54 with external jobid 'Job <3992021> is submitted to default queue <long>.'.

[Wed Sep  9 21:51:02 2020]
rule ngmlr_align:
    input: GCF_000001405.26_GRCh38_genomic.fna, data/FAF05869-87644245_Multi_SQK-LSK108_WA01.merged.fq
    output: output/mapped/FAF05869-87644245_Multi_SQK-LSK108_WA01.sorted.bam
    jobid: 56
    wildcards: sample=FAF05869-87644245_Multi_SQK-LSK108_WA01

Submitted job 56 with external jobid 'Job <3992022> is submitted to default queue <long>.'.

[Wed Sep  9 21:51:03 2020]
rule ngmlr_align:
    input: GCF_000001405.26_GRCh38_genomic.fna, data/FAF18554-4178920553_Multi_SQK-LSK108_WA01.merged.fq
    output: output/mapped/FAF18554-4178920553_Multi_SQK-LSK108_WA01.sorted.bam
    jobid: 57
    wildcards: sample=FAF18554-4178920553_Multi_SQK-LSK108_WA01

Submitted job 57 with external jobid 'Job <3992023> is submitted to default queue <long>.'.

[Wed Sep  9 21:51:03 2020]
rule ngmlr_align:
    input: GCF_000001405.26_GRCh38_genomic.fna, data/FAB42451-4239353418_Multi_SQK-LSK108_WA01.merged.fq
    output: output/mapped/FAB42451-4239353418_Multi_SQK-LSK108_WA01.sorted.bam
    jobid: 43
    wildcards: sample=FAB42451-4239353418_Multi_SQK-LSK108_WA01

Submitted job 43 with external jobid 'Job <3992024> is submitted to default queue <long>.'.

[Wed Sep  9 21:51:03 2020]
rule ngmlr_align:
    input: GCF_000001405.26_GRCh38_genomic.fna, data/FAB44989-2567311907_Multi_SQK-LSK108_WA01.merged.fq
    output: output/mapped/FAB44989-2567311907_Multi_SQK-LSK108_WA01.sorted.bam
    jobid: 45
    wildcards: sample=FAB44989-2567311907_Multi_SQK-LSK108_WA01

Submitted job 45 with external jobid 'Job <3992025> is submitted to default queue <long>.'.

[Wed Sep  9 21:51:03 2020]
rule ngmlr_align:
    input: GCF_000001405.26_GRCh38_genomic.fna, data/FAB45277-86567043_Multi_SQK-LSK108_WA01.merged.fq
    output: output/mapped/FAB45277-86567043_Multi_SQK-LSK108_WA01.sorted.bam
    jobid: 47
    wildcards: sample=FAB45277-86567043_Multi_SQK-LSK108_WA01

Submitted job 47 with external jobid 'Job <3992026> is submitted to default queue <long>.'.

[Wed Sep  9 21:51:03 2020]
rule ngmlr_align:
    input: GCF_000001405.26_GRCh38_genomic.fna, data/FAB49712-622291475_Multi_SQK-LSK108_WA01.merged.fq
    output: output/mapped/FAB49712-622291475_Multi_SQK-LSK108_WA01.sorted.bam
    jobid: 49
    wildcards: sample=FAB49712-622291475_Multi_SQK-LSK108_WA01

Submitted job 49 with external jobid 'Job <3992027> is submitted to default queue <long>.'.

[Wed Sep  9 21:51:03 2020]
rule ngmlr_align:
    input: GCF_000001405.26_GRCh38_genomic.fna, data/FAB49914-3775529215_Multi_SQK-LSK108_WA01.merged.fq
    output: output/mapped/FAB49914-3775529215_Multi_SQK-LSK108_WA01.sorted.bam
    jobid: 51
    wildcards: sample=FAB49914-3775529215_Multi_SQK-LSK108_WA01

Submitted job 51 with external jobid 'Job <3992028> is submitted to default queue <long>.'.

[Wed Sep  9 21:51:03 2020]
rule ngmlr_align:
    input: GCF_000001405.26_GRCh38_genomic.fna, data/FAF01132-84868110_Multi_SQK-LSK108_WA01.merged.fq
    output: output/mapped/FAF01132-84868110_Multi_SQK-LSK108_WA01.sorted.bam
    jobid: 53
    wildcards: sample=FAF01132-84868110_Multi_SQK-LSK108_WA01

Submitted job 53 with external jobid 'Job <3992029> is submitted to default queue <long>.'.

[Wed Sep  9 21:51:03 2020]
rule ngmlr_align:
    input: GCF_000001405.26_GRCh38_genomic.fna, data/FAB39088-288418386_Multi_SQK-LSK108_WA01.merged.fq
    output: output/mapped/FAB39088-288418386_Multi_SQK-LSK108_WA01.sorted.bam
    jobid: 40
    wildcards: sample=FAB39088-288418386_Multi_SQK-LSK108_WA01

Submitted job 40 with external jobid 'Job <3992030> is submitted to default queue <long>.'.

[Wed Sep  9 21:51:03 2020]
rule ngmlr_align:
    input: GCF_000001405.26_GRCh38_genomic.fna, data/FAF01253-83756522_Multi_SQK-LSK108_WA01.merged.fq
    output: output/mapped/FAF01253-83756522_Multi_SQK-LSK108_WA01.sorted.bam
    jobid: 55
    wildcards: sample=FAF01253-83756522_Multi_SQK-LSK108_WA01

Submitted job 55 with external jobid 'Job <3992031> is submitted to default queue <long>.'.
[Thu Sep 10 02:51:41 2020]
Finished job 42.
1 of 77 steps (1%) done

[Thu Sep 10 02:51:41 2020]
rule index_bams:
    input: output/mapped/FAB42316-216722908_Multi_SQK-LSK108_WA01.sorted.bam
    output: output/mapped/FAB42316-216722908_Multi_SQK-LSK108_WA01.sorted.bam.bai
    jobid: 61
    wildcards: sample=FAB42316-216722908_Multi_SQK-LSK108_WA01

Submitted job 61 with external jobid 'Job <3992069> is submitted to default queue <long>.'.
[Thu Sep 10 02:53:31 2020]
Finished job 61.
2 of 77 steps (3%) done

[Thu Sep 10 02:53:31 2020]
rule call_meth:
    input: output/mapped/FAB42316-216722908_Multi_SQK-LSK108_WA01.sorted.bam, output/mapped/FAB42316-216722908_Multi_SQK-LSK108_WA01.sorted.bam.bai, GCF_000001405.26_GRCh38_genomic.fna, data/FAB42316-216722908_Multi_SQK-LSK108_WA01.merged.fq, data/FAB42316-216722908_Multi_SQK-LSK108_WA01.merged.fq.index, data/FAB42316-216722908_Multi_SQK-LSK108_WA01.merged.fq.index.fai, data/FAB42316-216722908_Multi_SQK-LSK108_WA01.merged.fq.index.gzi, data/FAB42316-216722908_Multi_SQK-LSK108_WA01.merged.fq.index.readdb
    output: output/meth/FAB42316-216722908_Multi_SQK-LSK108_WA01.meth_calls.tsv
    jobid: 80
    wildcards: sample=FAB42316-216722908_Multi_SQK-LSK108_WA01

Submitted job 80 with external jobid 'Job <3992070> is submitted to default queue <verylong>.'.
[Thu Sep 10 03:40:30 2020]
Finished job 48.
3 of 77 steps (4%) done

[Thu Sep 10 03:40:30 2020]
rule index_bams:
    input: output/mapped/FAB45332-551111640_Multi_SQK-LSK108_WA01.sorted.bam
    output: output/mapped/FAB45332-551111640_Multi_SQK-LSK108_WA01.sorted.bam.bai
    jobid: 67
    wildcards: sample=FAB45332-551111640_Multi_SQK-LSK108_WA01

Submitted job 67 with external jobid 'Job <3992077> is submitted to default queue <long>.'.
[Thu Sep 10 03:42:21 2020]
Finished job 67.
4 of 77 steps (5%) done

[Thu Sep 10 03:42:21 2020]
rule call_meth:
    input: output/mapped/FAB45332-551111640_Multi_SQK-LSK108_WA01.sorted.bam, output/mapped/FAB45332-551111640_Multi_SQK-LSK108_WA01.sorted.bam.bai, GCF_000001405.26_GRCh38_genomic.fna, data/FAB45332-551111640_Multi_SQK-LSK108_WA01.merged.fq, data/FAB45332-551111640_Multi_SQK-LSK108_WA01.merged.fq.index, data/FAB45332-551111640_Multi_SQK-LSK108_WA01.merged.fq.index.fai, data/FAB45332-551111640_Multi_SQK-LSK108_WA01.merged.fq.index.gzi, data/FAB45332-551111640_Multi_SQK-LSK108_WA01.merged.fq.index.readdb
    output: output/meth/FAB45332-551111640_Multi_SQK-LSK108_WA01.meth_calls.tsv
    jobid: 86
    wildcards: sample=FAB45332-551111640_Multi_SQK-LSK108_WA01

Submitted job 86 with external jobid 'Job <3992078> is submitted to default queue <verylong>.'.
[Thu Sep 10 03:42:32 2020]
Finished job 39.
5 of 77 steps (6%) done

[Thu Sep 10 03:42:32 2020]
rule index_bams:
    input: output/mapped/FAB39075-4246400039_Multi_SQK-LSK108_WA01.sorted.bam
    output: output/mapped/FAB39075-4246400039_Multi_SQK-LSK108_WA01.sorted.bam.bai
    jobid: 58
    wildcards: sample=FAB39075-4246400039_Multi_SQK-LSK108_WA01

Submitted job 58 with external jobid 'Job <3992079> is submitted to default queue <long>.'.
[Thu Sep 10 03:43:38 2020]
Finished job 58.
6 of 77 steps (8%) done

[Thu Sep 10 03:43:38 2020]
rule call_meth:
    input: output/mapped/FAB39075-4246400039_Multi_SQK-LSK108_WA01.sorted.bam, output/mapped/FAB39075-4246400039_Multi_SQK-LSK108_WA01.sorted.bam.bai, GCF_000001405.26_GRCh38_genomic.fna, data/FAB39075-4246400039_Multi_SQK-LSK108_WA01.merged.fq, data/FAB39075-4246400039_Multi_SQK-LSK108_WA01.merged.fq.index, data/FAB39075-4246400039_Multi_SQK-LSK108_WA01.merged.fq.index.fai, data/FAB39075-4246400039_Multi_SQK-LSK108_WA01.merged.fq.index.gzi, data/FAB39075-4246400039_Multi_SQK-LSK108_WA01.merged.fq.index.readdb
    output: output/meth/FAB39075-4246400039_Multi_SQK-LSK108_WA01.meth_calls.tsv
    jobid: 77
    wildcards: sample=FAB39075-4246400039_Multi_SQK-LSK108_WA01

Submitted job 77 with external jobid 'Job <3992080> is submitted to default queue <verylong>.'.
[Thu Sep 10 03:56:30 2020]
Finished job 40.
7 of 77 steps (9%) done

[Thu Sep 10 03:56:30 2020]
rule index_bams:
    input: output/mapped/FAB39088-288418386_Multi_SQK-LSK108_WA01.sorted.bam
    output: output/mapped/FAB39088-288418386_Multi_SQK-LSK108_WA01.sorted.bam.bai
    jobid: 59
    wildcards: sample=FAB39088-288418386_Multi_SQK-LSK108_WA01

Submitted job 59 with external jobid 'Job <3992081> is submitted to default queue <long>.'.
[Thu Sep 10 03:58:42 2020]
Finished job 59.
8 of 77 steps (10%) done

[Thu Sep 10 03:58:42 2020]
rule call_meth:
    input: output/mapped/FAB39088-288418386_Multi_SQK-LSK108_WA01.sorted.bam, output/mapped/FAB39088-288418386_Multi_SQK-LSK108_WA01.sorted.bam.bai, GCF_000001405.26_GRCh38_genomic.fna, data/FAB39088-288418386_Multi_SQK-LSK108_WA01.merged.fq, data/FAB39088-288418386_Multi_SQK-LSK108_WA01.merged.fq.index, data/FAB39088-288418386_Multi_SQK-LSK108_WA01.merged.fq.index.fai, data/FAB39088-288418386_Multi_SQK-LSK108_WA01.merged.fq.index.gzi, data/FAB39088-288418386_Multi_SQK-LSK108_WA01.merged.fq.index.readdb
    output: output/meth/FAB39088-288418386_Multi_SQK-LSK108_WA01.meth_calls.tsv
    jobid: 78
    wildcards: sample=FAB39088-288418386_Multi_SQK-LSK108_WA01

Submitted job 78 with external jobid 'Job <3992082> is submitted to default queue <verylong>.'.
[Thu Sep 10 04:29:32 2020]
Finished job 45.
9 of 77 steps (12%) done

[Thu Sep 10 04:29:32 2020]
rule index_bams:
    input: output/mapped/FAB44989-2567311907_Multi_SQK-LSK108_WA01.sorted.bam
    output: output/mapped/FAB44989-2567311907_Multi_SQK-LSK108_WA01.sorted.bam.bai
    jobid: 64
    wildcards: sample=FAB44989-2567311907_Multi_SQK-LSK108_WA01

Submitted job 64 with external jobid 'Job <3992083> is submitted to default queue <long>.'.
[Thu Sep 10 04:31:44 2020]
Finished job 64.
10 of 77 steps (13%) done

[Thu Sep 10 04:31:44 2020]
rule call_meth:
    input: output/mapped/FAB44989-2567311907_Multi_SQK-LSK108_WA01.sorted.bam, output/mapped/FAB44989-2567311907_Multi_SQK-LSK108_WA01.sorted.bam.bai, GCF_000001405.26_GRCh38_genomic.fna, data/FAB44989-2567311907_Multi_SQK-LSK108_WA01.merged.fq, data/FAB44989-2567311907_Multi_SQK-LSK108_WA01.merged.fq.index, data/FAB44989-2567311907_Multi_SQK-LSK108_WA01.merged.fq.index.fai, data/FAB44989-2567311907_Multi_SQK-LSK108_WA01.merged.fq.index.gzi, data/FAB44989-2567311907_Multi_SQK-LSK108_WA01.merged.fq.index.readdb
    output: output/meth/FAB44989-2567311907_Multi_SQK-LSK108_WA01.meth_calls.tsv
    jobid: 83
    wildcards: sample=FAB44989-2567311907_Multi_SQK-LSK108_WA01

Submitted job 83 with external jobid 'Job <3992084> is submitted to default queue <verylong>.'.
[Thu Sep 10 04:51:32 2020]
Finished job 44.
11 of 77 steps (14%) done

[Thu Sep 10 04:51:32 2020]
rule index_bams:
    input: output/mapped/FAB42473-4179682758_Multi_SQK-LSK108_WA01.sorted.bam
    output: output/mapped/FAB42473-4179682758_Multi_SQK-LSK108_WA01.sorted.bam.bai
    jobid: 63
    wildcards: sample=FAB42473-4179682758_Multi_SQK-LSK108_WA01

Submitted job 63 with external jobid 'Job <3992085> is submitted to default queue <long>.'.
[Thu Sep 10 04:53:23 2020]
Finished job 63.
12 of 77 steps (16%) done

[Thu Sep 10 04:53:23 2020]
rule call_meth:
    input: output/mapped/FAB42473-4179682758_Multi_SQK-LSK108_WA01.sorted.bam, output/mapped/FAB42473-4179682758_Multi_SQK-LSK108_WA01.sorted.bam.bai, GCF_000001405.26_GRCh38_genomic.fna, data/FAB42473-4179682758_Multi_SQK-LSK108_WA01.merged.fq, data/FAB42473-4179682758_Multi_SQK-LSK108_WA01.merged.fq.index, data/FAB42473-4179682758_Multi_SQK-LSK108_WA01.merged.fq.index.fai, data/FAB42473-4179682758_Multi_SQK-LSK108_WA01.merged.fq.index.gzi, data/FAB42473-4179682758_Multi_SQK-LSK108_WA01.merged.fq.index.readdb
    output: output/meth/FAB42473-4179682758_Multi_SQK-LSK108_WA01.meth_calls.tsv
    jobid: 82
    wildcards: sample=FAB42473-4179682758_Multi_SQK-LSK108_WA01

Submitted job 82 with external jobid 'Job <3992086> is submitted to default queue <verylong>.'.
[Thu Sep 10 05:48:06 2020]
Finished job 55.
13 of 77 steps (17%) done

[Thu Sep 10 05:48:06 2020]
rule index_bams:
    input: output/mapped/FAF01253-83756522_Multi_SQK-LSK108_WA01.sorted.bam
    output: output/mapped/FAF01253-83756522_Multi_SQK-LSK108_WA01.sorted.bam.bai
    jobid: 74
    wildcards: sample=FAF01253-83756522_Multi_SQK-LSK108_WA01

Submitted job 74 with external jobid 'Job <3992469> is submitted to default queue <long>.'.
[Thu Sep 10 05:50:18 2020]
Finished job 74.
14 of 77 steps (18%) done

[Thu Sep 10 05:50:18 2020]
rule call_meth:
    input: output/mapped/FAF01253-83756522_Multi_SQK-LSK108_WA01.sorted.bam, output/mapped/FAF01253-83756522_Multi_SQK-LSK108_WA01.sorted.bam.bai, GCF_000001405.26_GRCh38_genomic.fna, data/FAF01253-83756522_Multi_SQK-LSK108_WA01.merged.fq, data/FAF01253-83756522_Multi_SQK-LSK108_WA01.merged.fq.index, data/FAF01253-83756522_Multi_SQK-LSK108_WA01.merged.fq.index.fai, data/FAF01253-83756522_Multi_SQK-LSK108_WA01.merged.fq.index.gzi, data/FAF01253-83756522_Multi_SQK-LSK108_WA01.merged.fq.index.readdb
    output: output/meth/FAF01253-83756522_Multi_SQK-LSK108_WA01.meth_calls.tsv
    jobid: 93
    wildcards: sample=FAF01253-83756522_Multi_SQK-LSK108_WA01

Submitted job 93 with external jobid 'Job <3992470> is submitted to default queue <verylong>.'.
[Thu Sep 10 07:25:00 2020]
Finished job 77.
15 of 77 steps (19%) done

[Thu Sep 10 07:25:00 2020]
rule calc_freq:
    input: output/meth/FAB39075-4246400039_Multi_SQK-LSK108_WA01.meth_calls.tsv
    output: output/meth/FAB39075-4246400039_Multi_SQK-LSK108_WA01.meth_freq.tsv
    jobid: 96
    wildcards: sample=FAB39075-4246400039_Multi_SQK-LSK108_WA01

Submitted job 96 with external jobid 'Job <3992476> is submitted to default queue <long>.'.
[Thu Sep 10 07:27:56 2020]
Finished job 96.
16 of 77 steps (21%) done
[Thu Sep 10 07:31:58 2020]
Finished job 80.
17 of 77 steps (22%) done

[Thu Sep 10 07:31:58 2020]
rule calc_freq:
    input: output/meth/FAB42316-216722908_Multi_SQK-LSK108_WA01.meth_calls.tsv
    output: output/meth/FAB42316-216722908_Multi_SQK-LSK108_WA01.meth_freq.tsv
    jobid: 99
    wildcards: sample=FAB42316-216722908_Multi_SQK-LSK108_WA01

Submitted job 99 with external jobid 'Job <3992477> is submitted to default queue <long>.'.
[Thu Sep 10 07:36:01 2020]
Finished job 99.
18 of 77 steps (23%) done
[Thu Sep 10 07:43:21 2020]
Finished job 86.
19 of 77 steps (25%) done

[Thu Sep 10 07:43:21 2020]
rule calc_freq:
    input: output/meth/FAB45332-551111640_Multi_SQK-LSK108_WA01.meth_calls.tsv
    output: output/meth/FAB45332-551111640_Multi_SQK-LSK108_WA01.meth_freq.tsv
    jobid: 105
    wildcards: sample=FAB45332-551111640_Multi_SQK-LSK108_WA01

Submitted job 105 with external jobid 'Job <3992478> is submitted to default queue <long>.'.
[Thu Sep 10 07:46:17 2020]
Finished job 105.
20 of 77 steps (26%) done
[Thu Sep 10 09:02:26 2020]
Finished job 83.
21 of 77 steps (27%) done

[Thu Sep 10 09:02:26 2020]
rule calc_freq:
    input: output/meth/FAB44989-2567311907_Multi_SQK-LSK108_WA01.meth_calls.tsv
    output: output/meth/FAB44989-2567311907_Multi_SQK-LSK108_WA01.meth_freq.tsv
    jobid: 102
    wildcards: sample=FAB44989-2567311907_Multi_SQK-LSK108_WA01

Submitted job 102 with external jobid 'Job <3992523> is submitted to default queue <long>.'.
[Thu Sep 10 09:10:09 2020]
Finished job 102.
22 of 77 steps (29%) done
[Thu Sep 10 09:32:43 2020]
Finished job 78.
23 of 77 steps (30%) done

[Thu Sep 10 09:32:43 2020]
rule calc_freq:
    input: output/meth/FAB39088-288418386_Multi_SQK-LSK108_WA01.meth_calls.tsv
    output: output/meth/FAB39088-288418386_Multi_SQK-LSK108_WA01.meth_freq.tsv
    jobid: 97
    wildcards: sample=FAB39088-288418386_Multi_SQK-LSK108_WA01

Submitted job 97 with external jobid 'Job <3992841> is submitted to default queue <long>.'.
[Thu Sep 10 09:37:07 2020]
Finished job 97.
24 of 77 steps (31%) done
[Thu Sep 10 09:43:10 2020]
Finished job 82.
25 of 77 steps (32%) done

[Thu Sep 10 09:43:10 2020]
rule calc_freq:
    input: output/meth/FAB42473-4179682758_Multi_SQK-LSK108_WA01.meth_calls.tsv
    output: output/meth/FAB42473-4179682758_Multi_SQK-LSK108_WA01.meth_freq.tsv
    jobid: 101
    wildcards: sample=FAB42473-4179682758_Multi_SQK-LSK108_WA01

Submitted job 101 with external jobid 'Job <3992842> is submitted to default queue <long>.'.
[Thu Sep 10 09:50:30 2020]
Finished job 101.
26 of 77 steps (34%) done
[Thu Sep 10 09:58:58 2020]
Finished job 93.
27 of 77 steps (35%) done

[Thu Sep 10 09:58:58 2020]
rule calc_freq:
    input: output/meth/FAF01253-83756522_Multi_SQK-LSK108_WA01.meth_calls.tsv
    output: output/meth/FAF01253-83756522_Multi_SQK-LSK108_WA01.meth_freq.tsv
    jobid: 112
    wildcards: sample=FAF01253-83756522_Multi_SQK-LSK108_WA01

Submitted job 112 with external jobid 'Job <3992844> is submitted to default queue <long>.'.
[Thu Sep 10 10:06:40 2020]
Finished job 112.
28 of 77 steps (36%) done
Terminating processes on user request, this might take some time.
Will exit after finishing currently running jobs.
Complete log: /icgc/dkfzlsdf/analysis/C010/brooks/meth_calling_pipeline/.snakemake/log/2020-09-09T215100.862058.snakemake.log
