Building DAG of jobs...
Using shell: /usr/bin/bash
Provided cluster nodes: 20
Job counts:
	count	jobs
	1	all
	12	calc_freq
	13

[Fri Sep 11 21:23:25 2020]
rule calc_freq:
    input: output/meth/FAB45277-86567043_Multi_SQK-LSK108_WA01.meth_calls.tsv
    output: output/meth/FAB45277-86567043_Multi_SQK-LSK108_WA01.meth_freq.tsv
    jobid: 104
    wildcards: sample=FAB45277-86567043_Multi_SQK-LSK108_WA01

Submitted job 104 with external jobid 'Job <4004726> is submitted to default queue <long>.'.

[Fri Sep 11 21:23:25 2020]
rule calc_freq:
    input: output/meth/FAB49712-622291475_Multi_SQK-LSK108_WA01.meth_calls.tsv
    output: output/meth/FAB49712-622291475_Multi_SQK-LSK108_WA01.meth_freq.tsv
    jobid: 106
    wildcards: sample=FAB49712-622291475_Multi_SQK-LSK108_WA01

Submitted job 106 with external jobid 'Job <4004727> is submitted to default queue <long>.'.

[Fri Sep 11 21:23:25 2020]
rule calc_freq:
    input: output/meth/FAB49914-3775529215_Multi_SQK-LSK108_WA01.meth_calls.tsv
    output: output/meth/FAB49914-3775529215_Multi_SQK-LSK108_WA01.meth_freq.tsv
    jobid: 108
    wildcards: sample=FAB49914-3775529215_Multi_SQK-LSK108_WA01

Submitted job 108 with external jobid 'Job <4004728> is submitted to default queue <long>.'.

[Fri Sep 11 21:23:26 2020]
rule calc_freq:
    input: output/meth/FAF01132-84868110_Multi_SQK-LSK108_WA01.meth_calls.tsv
    output: output/meth/FAF01132-84868110_Multi_SQK-LSK108_WA01.meth_freq.tsv
    jobid: 110
    wildcards: sample=FAF01132-84868110_Multi_SQK-LSK108_WA01

Submitted job 110 with external jobid 'Job <4004729> is submitted to default queue <long>.'.

[Fri Sep 11 21:23:26 2020]
rule calc_freq:
    input: output/meth/FAF05869-87644245_Multi_SQK-LSK108_WA01.meth_calls.tsv
    output: output/meth/FAF05869-87644245_Multi_SQK-LSK108_WA01.meth_freq.tsv
    jobid: 113
    wildcards: sample=FAF05869-87644245_Multi_SQK-LSK108_WA01

Submitted job 113 with external jobid 'Job <4004730> is submitted to default queue <long>.'.

[Fri Sep 11 21:23:26 2020]
rule calc_freq:
    input: output/meth/FAF18554-4178920553_Multi_SQK-LSK108_WA01.meth_calls.tsv
    output: output/meth/FAF18554-4178920553_Multi_SQK-LSK108_WA01.meth_freq.tsv
    jobid: 114
    wildcards: sample=FAF18554-4178920553_Multi_SQK-LSK108_WA01

Submitted job 114 with external jobid 'Job <4004731> is submitted to default queue <long>.'.

[Fri Sep 11 21:23:26 2020]
rule calc_freq:
    input: output/meth/FAB45271-152889212_Multi_SQK-LSK108_WA01.meth_calls.tsv
    output: output/meth/FAB45271-152889212_Multi_SQK-LSK108_WA01.meth_freq.tsv
    jobid: 103
    wildcards: sample=FAB45271-152889212_Multi_SQK-LSK108_WA01

Submitted job 103 with external jobid 'Job <4004732> is submitted to default queue <long>.'.

[Fri Sep 11 21:23:26 2020]
rule calc_freq:
    input: output/meth/FAB49908-481119249_Multi_SQK-LSK108_WA01.meth_calls.tsv
    output: output/meth/FAB49908-481119249_Multi_SQK-LSK108_WA01.meth_freq.tsv
    jobid: 107
    wildcards: sample=FAB49908-481119249_Multi_SQK-LSK108_WA01

Submitted job 107 with external jobid 'Job <4004733> is submitted to default queue <long>.'.

[Fri Sep 11 21:23:26 2020]
rule calc_freq:
    input: output/meth/FAF01127-353303576_Multi_SQK-LSK108_WA01.meth_calls.tsv
    output: output/meth/FAF01127-353303576_Multi_SQK-LSK108_WA01.meth_freq.tsv
    jobid: 109
    wildcards: sample=FAF01127-353303576_Multi_SQK-LSK108_WA01

Submitted job 109 with external jobid 'Job <4004734> is submitted to default queue <long>.'.

[Fri Sep 11 21:23:27 2020]
rule calc_freq:
    input: output/meth/FAF01169-4245879798_Multi_SQK-LSK108_WA01.meth_calls.tsv
    output: output/meth/FAF01169-4245879798_Multi_SQK-LSK108_WA01.meth_freq.tsv
    jobid: 111
    wildcards: sample=FAF01169-4245879798_Multi_SQK-LSK108_WA01

Submitted job 111 with external jobid 'Job <4004735> is submitted to default queue <long>.'.

[Fri Sep 11 21:23:27 2020]
rule calc_freq:
    input: output/meth/FAB49164-4045668814_Multi_SQK-LSK108_WA01.meth_calls.tsv
    output: output/meth/FAB49164-4045668814_Multi_SQK-LSK108_WA01.meth_freq.tsv
    jobid: 98
    wildcards: sample=FAB49164-4045668814_Multi_SQK-LSK108_WA01

Submitted job 98 with external jobid 'Job <4004736> is submitted to default queue <long>.'.

[Fri Sep 11 21:23:27 2020]
rule calc_freq:
    input: output/meth/FAB42451-4239353418_Multi_SQK-LSK108_WA01.meth_calls.tsv
    output: output/meth/FAB42451-4239353418_Multi_SQK-LSK108_WA01.meth_freq.tsv
    jobid: 100
    wildcards: sample=FAB42451-4239353418_Multi_SQK-LSK108_WA01

Submitted job 100 with external jobid 'Job <4004737> is submitted to default queue <long>.'.
[Fri Sep 11 21:28:54 2020]
Finished job 108.
1 of 13 steps (8%) done
[Fri Sep 11 21:29:05 2020]
Finished job 110.
2 of 13 steps (15%) done
[Fri Sep 11 21:29:16 2020]
Finished job 114.
3 of 13 steps (23%) done
[Fri Sep 11 21:29:57 2020]
Finished job 106.
4 of 13 steps (31%) done
[Fri Sep 11 21:29:57 2020]
Finished job 107.
5 of 13 steps (38%) done
[Fri Sep 11 21:29:57 2020]
Finished job 111.
6 of 13 steps (46%) done
[Fri Sep 11 21:30:37 2020]
Finished job 104.
7 of 13 steps (54%) done
[Fri Sep 11 21:31:17 2020]
Finished job 113.
8 of 13 steps (62%) done
[Fri Sep 11 21:31:57 2020]
Finished job 103.
9 of 13 steps (69%) done
[Fri Sep 11 21:32:37 2020]
Finished job 109.
10 of 13 steps (77%) done
[Fri Sep 11 21:34:18 2020]
Finished job 98.
11 of 13 steps (85%) done
[Fri Sep 11 21:34:18 2020]
Finished job 100.
12 of 13 steps (92%) done

[Fri Sep 11 21:34:18 2020]
localrule all:
    input: data/FAB39075-4246400039_Multi_SQK-LSK108_WA01.merged.fq, data/FAB39088-288418386_Multi_SQK-LSK108_WA01.merged.fq, data/FAB49164-4045668814_Multi_SQK-LSK108_WA01.merged.fq, data/FAB42316-216722908_Multi_SQK-LSK108_WA01.merged.fq, data/FAB42451-4239353418_Multi_SQK-LSK108_WA01.merged.fq, data/FAB42473-4179682758_Multi_SQK-LSK108_WA01.merged.fq, data/FAB44989-2567311907_Multi_SQK-LSK108_WA01.merged.fq, data/FAB45271-152889212_Multi_SQK-LSK108_WA01.merged.fq, data/FAB45277-86567043_Multi_SQK-LSK108_WA01.merged.fq, data/FAB45332-551111640_Multi_SQK-LSK108_WA01.merged.fq, data/FAB49712-622291475_Multi_SQK-LSK108_WA01.merged.fq, data/FAB49908-481119249_Multi_SQK-LSK108_WA01.merged.fq, data/FAB49914-3775529215_Multi_SQK-LSK108_WA01.merged.fq, data/FAF01127-353303576_Multi_SQK-LSK108_WA01.merged.fq, data/FAF01132-84868110_Multi_SQK-LSK108_WA01.merged.fq, data/FAF01169-4245879798_Multi_SQK-LSK108_WA01.merged.fq, data/FAF01253-83756522_Multi_SQK-LSK108_WA01.merged.fq, data/FAF05869-87644245_Multi_SQK-LSK108_WA01.merged.fq, data/FAF18554-4178920553_Multi_SQK-LSK108_WA01.merged.fq, data/FAB39075-4246400039_Multi_SQK-LSK108_WA01.merged.fq.index, data/FAB39088-288418386_Multi_SQK-LSK108_WA01.merged.fq.index, data/FAB49164-4045668814_Multi_SQK-LSK108_WA01.merged.fq.index, data/FAB42316-216722908_Multi_SQK-LSK108_WA01.merged.fq.index, data/FAB42451-4239353418_Multi_SQK-LSK108_WA01.merged.fq.index, data/FAB42473-4179682758_Multi_SQK-LSK108_WA01.merged.fq.index, data/FAB44989-2567311907_Multi_SQK-LSK108_WA01.merged.fq.index, data/FAB45271-152889212_Multi_SQK-LSK108_WA01.merged.fq.index, data/FAB45277-86567043_Multi_SQK-LSK108_WA01.merged.fq.index, data/FAB45332-551111640_Multi_SQK-LSK108_WA01.merged.fq.index, data/FAB49712-622291475_Multi_SQK-LSK108_WA01.merged.fq.index, data/FAB49908-481119249_Multi_SQK-LSK108_WA01.merged.fq.index, data/FAB49914-3775529215_Multi_SQK-LSK108_WA01.merged.fq.index, data/FAF01127-353303576_Multi_SQK-LSK108_WA01.merged.fq.index, data/FAF01132-84868110_Multi_SQK-LSK108_WA01.merged.fq.index, data/FAF01169-4245879798_Multi_SQK-LSK108_WA01.merged.fq.index, data/FAF01253-83756522_Multi_SQK-LSK108_WA01.merged.fq.index, data/FAF05869-87644245_Multi_SQK-LSK108_WA01.merged.fq.index, data/FAF18554-4178920553_Multi_SQK-LSK108_WA01.merged.fq.index, data/FAB39075-4246400039_Multi_SQK-LSK108_WA01.merged.fq.index.gzi, data/FAB39088-288418386_Multi_SQK-LSK108_WA01.merged.fq.index.gzi, data/FAB49164-4045668814_Multi_SQK-LSK108_WA01.merged.fq.index.gzi, data/FAB42316-216722908_Multi_SQK-LSK108_WA01.merged.fq.index.gzi, data/FAB42451-4239353418_Multi_SQK-LSK108_WA01.merged.fq.index.gzi, data/FAB42473-4179682758_Multi_SQK-LSK108_WA01.merged.fq.index.gzi, data/FAB44989-2567311907_Multi_SQK-LSK108_WA01.merged.fq.index.gzi, data/FAB45271-152889212_Multi_SQK-LSK108_WA01.merged.fq.index.gzi, data/FAB45277-86567043_Multi_SQK-LSK108_WA01.merged.fq.index.gzi, data/FAB45332-551111640_Multi_SQK-LSK108_WA01.merged.fq.index.gzi, data/FAB49712-622291475_Multi_SQK-LSK108_WA01.merged.fq.index.gzi, data/FAB49908-481119249_Multi_SQK-LSK108_WA01.merged.fq.index.gzi, data/FAB49914-3775529215_Multi_SQK-LSK108_WA01.merged.fq.index.gzi, data/FAF01127-353303576_Multi_SQK-LSK108_WA01.merged.fq.index.gzi, data/FAF01132-84868110_Multi_SQK-LSK108_WA01.merged.fq.index.gzi, data/FAF01169-4245879798_Multi_SQK-LSK108_WA01.merged.fq.index.gzi, data/FAF01253-83756522_Multi_SQK-LSK108_WA01.merged.fq.index.gzi, data/FAF05869-87644245_Multi_SQK-LSK108_WA01.merged.fq.index.gzi, data/FAF18554-4178920553_Multi_SQK-LSK108_WA01.merged.fq.index.gzi, data/FAB39075-4246400039_Multi_SQK-LSK108_WA01.merged.fq.index.fai, data/FAB39088-288418386_Multi_SQK-LSK108_WA01.merged.fq.index.fai, data/FAB49164-4045668814_Multi_SQK-LSK108_WA01.merged.fq.index.fai, data/FAB42316-216722908_Multi_SQK-LSK108_WA01.merged.fq.index.fai, data/FAB42451-4239353418_Multi_SQK-LSK108_WA01.merged.fq.index.fai, data/FAB42473-4179682758_Multi_SQK-LSK108_WA01.merged.fq.index.fai, data/FAB44989-2567311907_Multi_SQK-LSK108_WA01.merged.fq.index.fai, data/FAB45271-152889212_Multi_SQK-LSK108_WA01.merged.fq.index.fai, data/FAB45277-86567043_Multi_SQK-LSK108_WA01.merged.fq.index.fai, data/FAB45332-551111640_Multi_SQK-LSK108_WA01.merged.fq.index.fai, data/FAB49712-622291475_Multi_SQK-LSK108_WA01.merged.fq.index.fai, data/FAB49908-481119249_Multi_SQK-LSK108_WA01.merged.fq.index.fai, data/FAB49914-3775529215_Multi_SQK-LSK108_WA01.merged.fq.index.fai, data/FAF01127-353303576_Multi_SQK-LSK108_WA01.merged.fq.index.fai, data/FAF01132-84868110_Multi_SQK-LSK108_WA01.merged.fq.index.fai, data/FAF01169-4245879798_Multi_SQK-LSK108_WA01.merged.fq.index.fai, data/FAF01253-83756522_Multi_SQK-LSK108_WA01.merged.fq.index.fai, data/FAF05869-87644245_Multi_SQK-LSK108_WA01.merged.fq.index.fai, data/FAF18554-4178920553_Multi_SQK-LSK108_WA01.merged.fq.index.fai, data/FAB39075-4246400039_Multi_SQK-LSK108_WA01.merged.fq.index.readdb, data/FAB39088-288418386_Multi_SQK-LSK108_WA01.merged.fq.index.readdb, data/FAB49164-4045668814_Multi_SQK-LSK108_WA01.merged.fq.index.readdb, data/FAB42316-216722908_Multi_SQK-LSK108_WA01.merged.fq.index.readdb, data/FAB42451-4239353418_Multi_SQK-LSK108_WA01.merged.fq.index.readdb, data/FAB42473-4179682758_Multi_SQK-LSK108_WA01.merged.fq.index.readdb, data/FAB44989-2567311907_Multi_SQK-LSK108_WA01.merged.fq.index.readdb, data/FAB45271-152889212_Multi_SQK-LSK108_WA01.merged.fq.index.readdb, data/FAB45277-86567043_Multi_SQK-LSK108_WA01.merged.fq.index.readdb, data/FAB45332-551111640_Multi_SQK-LSK108_WA01.merged.fq.index.readdb, data/FAB49712-622291475_Multi_SQK-LSK108_WA01.merged.fq.index.readdb, data/FAB49908-481119249_Multi_SQK-LSK108_WA01.merged.fq.index.readdb, data/FAB49914-3775529215_Multi_SQK-LSK108_WA01.merged.fq.index.readdb, data/FAF01127-353303576_Multi_SQK-LSK108_WA01.merged.fq.index.readdb, data/FAF01132-84868110_Multi_SQK-LSK108_WA01.merged.fq.index.readdb, data/FAF01169-4245879798_Multi_SQK-LSK108_WA01.merged.fq.index.readdb, data/FAF01253-83756522_Multi_SQK-LSK108_WA01.merged.fq.index.readdb, data/FAF05869-87644245_Multi_SQK-LSK108_WA01.merged.fq.index.readdb, data/FAF18554-4178920553_Multi_SQK-LSK108_WA01.merged.fq.index.readdb, output/mapped/FAB39075-4246400039_Multi_SQK-LSK108_WA01.sorted.bam, output/mapped/FAB39088-288418386_Multi_SQK-LSK108_WA01.sorted.bam, output/mapped/FAB49164-4045668814_Multi_SQK-LSK108_WA01.sorted.bam, output/mapped/FAB42316-216722908_Multi_SQK-LSK108_WA01.sorted.bam, output/mapped/FAB42451-4239353418_Multi_SQK-LSK108_WA01.sorted.bam, output/mapped/FAB42473-4179682758_Multi_SQK-LSK108_WA01.sorted.bam, output/mapped/FAB44989-2567311907_Multi_SQK-LSK108_WA01.sorted.bam, output/mapped/FAB45271-152889212_Multi_SQK-LSK108_WA01.sorted.bam, output/mapped/FAB45277-86567043_Multi_SQK-LSK108_WA01.sorted.bam, output/mapped/FAB45332-551111640_Multi_SQK-LSK108_WA01.sorted.bam, output/mapped/FAB49712-622291475_Multi_SQK-LSK108_WA01.sorted.bam, output/mapped/FAB49908-481119249_Multi_SQK-LSK108_WA01.sorted.bam, output/mapped/FAB49914-3775529215_Multi_SQK-LSK108_WA01.sorted.bam, output/mapped/FAF01127-353303576_Multi_SQK-LSK108_WA01.sorted.bam, output/mapped/FAF01132-84868110_Multi_SQK-LSK108_WA01.sorted.bam, output/mapped/FAF01169-4245879798_Multi_SQK-LSK108_WA01.sorted.bam, output/mapped/FAF01253-83756522_Multi_SQK-LSK108_WA01.sorted.bam, output/mapped/FAF05869-87644245_Multi_SQK-LSK108_WA01.sorted.bam, output/mapped/FAF18554-4178920553_Multi_SQK-LSK108_WA01.sorted.bam, output/mapped/FAB39075-4246400039_Multi_SQK-LSK108_WA01.sorted.bam.bai, output/mapped/FAB39088-288418386_Multi_SQK-LSK108_WA01.sorted.bam.bai, output/mapped/FAB49164-4045668814_Multi_SQK-LSK108_WA01.sorted.bam.bai, output/mapped/FAB42316-216722908_Multi_SQK-LSK108_WA01.sorted.bam.bai, output/mapped/FAB42451-4239353418_Multi_SQK-LSK108_WA01.sorted.bam.bai, output/mapped/FAB42473-4179682758_Multi_SQK-LSK108_WA01.sorted.bam.bai, output/mapped/FAB44989-2567311907_Multi_SQK-LSK108_WA01.sorted.bam.bai, output/mapped/FAB45271-152889212_Multi_SQK-LSK108_WA01.sorted.bam.bai, output/mapped/FAB45277-86567043_Multi_SQK-LSK108_WA01.sorted.bam.bai, output/mapped/FAB45332-551111640_Multi_SQK-LSK108_WA01.sorted.bam.bai, output/mapped/FAB49712-622291475_Multi_SQK-LSK108_WA01.sorted.bam.bai, output/mapped/FAB49908-481119249_Multi_SQK-LSK108_WA01.sorted.bam.bai, output/mapped/FAB49914-3775529215_Multi_SQK-LSK108_WA01.sorted.bam.bai, output/mapped/FAF01127-353303576_Multi_SQK-LSK108_WA01.sorted.bam.bai, output/mapped/FAF01132-84868110_Multi_SQK-LSK108_WA01.sorted.bam.bai, output/mapped/FAF01169-4245879798_Multi_SQK-LSK108_WA01.sorted.bam.bai, output/mapped/FAF01253-83756522_Multi_SQK-LSK108_WA01.sorted.bam.bai, output/mapped/FAF05869-87644245_Multi_SQK-LSK108_WA01.sorted.bam.bai, output/mapped/FAF18554-4178920553_Multi_SQK-LSK108_WA01.sorted.bam.bai, output/meth/FAB39075-4246400039_Multi_SQK-LSK108_WA01.meth_calls.tsv, output/meth/FAB39088-288418386_Multi_SQK-LSK108_WA01.meth_calls.tsv, output/meth/FAB49164-4045668814_Multi_SQK-LSK108_WA01.meth_calls.tsv, output/meth/FAB42316-216722908_Multi_SQK-LSK108_WA01.meth_calls.tsv, output/meth/FAB42451-4239353418_Multi_SQK-LSK108_WA01.meth_calls.tsv, output/meth/FAB42473-4179682758_Multi_SQK-LSK108_WA01.meth_calls.tsv, output/meth/FAB44989-2567311907_Multi_SQK-LSK108_WA01.meth_calls.tsv, output/meth/FAB45271-152889212_Multi_SQK-LSK108_WA01.meth_calls.tsv, output/meth/FAB45277-86567043_Multi_SQK-LSK108_WA01.meth_calls.tsv, output/meth/FAB45332-551111640_Multi_SQK-LSK108_WA01.meth_calls.tsv, output/meth/FAB49712-622291475_Multi_SQK-LSK108_WA01.meth_calls.tsv, output/meth/FAB49908-481119249_Multi_SQK-LSK108_WA01.meth_calls.tsv, output/meth/FAB49914-3775529215_Multi_SQK-LSK108_WA01.meth_calls.tsv, output/meth/FAF01127-353303576_Multi_SQK-LSK108_WA01.meth_calls.tsv, output/meth/FAF01132-84868110_Multi_SQK-LSK108_WA01.meth_calls.tsv, output/meth/FAF01169-4245879798_Multi_SQK-LSK108_WA01.meth_calls.tsv, output/meth/FAF01253-83756522_Multi_SQK-LSK108_WA01.meth_calls.tsv, output/meth/FAF05869-87644245_Multi_SQK-LSK108_WA01.meth_calls.tsv, output/meth/FAF18554-4178920553_Multi_SQK-LSK108_WA01.meth_calls.tsv, output/meth/FAB39075-4246400039_Multi_SQK-LSK108_WA01.meth_freq.tsv, output/meth/FAB39088-288418386_Multi_SQK-LSK108_WA01.meth_freq.tsv, output/meth/FAB49164-4045668814_Multi_SQK-LSK108_WA01.meth_freq.tsv, output/meth/FAB42316-216722908_Multi_SQK-LSK108_WA01.meth_freq.tsv, output/meth/FAB42451-4239353418_Multi_SQK-LSK108_WA01.meth_freq.tsv, output/meth/FAB42473-4179682758_Multi_SQK-LSK108_WA01.meth_freq.tsv, output/meth/FAB44989-2567311907_Multi_SQK-LSK108_WA01.meth_freq.tsv, output/meth/FAB45271-152889212_Multi_SQK-LSK108_WA01.meth_freq.tsv, output/meth/FAB45277-86567043_Multi_SQK-LSK108_WA01.meth_freq.tsv, output/meth/FAB45332-551111640_Multi_SQK-LSK108_WA01.meth_freq.tsv, output/meth/FAB49712-622291475_Multi_SQK-LSK108_WA01.meth_freq.tsv, output/meth/FAB49908-481119249_Multi_SQK-LSK108_WA01.meth_freq.tsv, output/meth/FAB49914-3775529215_Multi_SQK-LSK108_WA01.meth_freq.tsv, output/meth/FAF01127-353303576_Multi_SQK-LSK108_WA01.meth_freq.tsv, output/meth/FAF01132-84868110_Multi_SQK-LSK108_WA01.meth_freq.tsv, output/meth/FAF01169-4245879798_Multi_SQK-LSK108_WA01.meth_freq.tsv, output/meth/FAF01253-83756522_Multi_SQK-LSK108_WA01.meth_freq.tsv, output/meth/FAF05869-87644245_Multi_SQK-LSK108_WA01.meth_freq.tsv, output/meth/FAF18554-4178920553_Multi_SQK-LSK108_WA01.meth_freq.tsv
    jobid: 0

[Fri Sep 11 21:34:18 2020]
Finished job 0.
13 of 13 steps (100%) done
Complete log: /icgc/dkfzlsdf/analysis/C010/brooks/meth_calling_pipeline/.snakemake/log/2020-09-11T212323.024046.snakemake.log
