Building DAG of jobs...
Using shell: /usr/bin/bash
Provided cluster nodes: 20
Job counts:
	count	jobs
	1	all
	19	calc_freq
	19	call_meth
	19	index_bams
	19	index_reads
	19	merge_fastqs
	19	ngmlr_align
	115

[Wed Sep  9 19:15:57 2020]
rule merge_fastqs:
    input: /icgc/dkfzlsdf/analysis/C010/mayerma/methylation_analysis/fastq/
    output: data/FAF18554-4178920553_Multi_SQK-LSK108_WA01.merged.fq
    jobid: 19
    wildcards: sample=FAF18554-4178920553_Multi_SQK-LSK108_WA01

Submitted job 19 with external jobid 'Job <3991764> is submitted to default queue <medium>.'.

[Wed Sep  9 19:15:57 2020]
rule merge_fastqs:
    input: /icgc/dkfzlsdf/analysis/C010/mayerma/methylation_analysis/fastq/
    output: data/FAB49908-481119249_Multi_SQK-LSK108_WA01.merged.fq
    jobid: 12
    wildcards: sample=FAB49908-481119249_Multi_SQK-LSK108_WA01

Submitted job 12 with external jobid 'Job <3991765> is submitted to default queue <medium>.'.

[Wed Sep  9 19:15:58 2020]
rule merge_fastqs:
    input: /icgc/dkfzlsdf/analysis/C010/mayerma/methylation_analysis/fastq/
    output: data/FAF01127-353303576_Multi_SQK-LSK108_WA01.merged.fq
    jobid: 14
    wildcards: sample=FAF01127-353303576_Multi_SQK-LSK108_WA01

Submitted job 14 with external jobid 'Job <3991766> is submitted to default queue <medium>.'.

[Wed Sep  9 19:15:58 2020]
rule merge_fastqs:
    input: /icgc/dkfzlsdf/analysis/C010/mayerma/methylation_analysis/fastq/
    output: data/FAB39075-4246400039_Multi_SQK-LSK108_WA01.merged.fq
    jobid: 1
    wildcards: sample=FAB39075-4246400039_Multi_SQK-LSK108_WA01

Submitted job 1 with external jobid 'Job <3991767> is submitted to default queue <medium>.'.

[Wed Sep  9 19:15:58 2020]
rule merge_fastqs:
    input: /icgc/dkfzlsdf/analysis/C010/mayerma/methylation_analysis/fastq/
    output: data/FAB49164-4045668814_Multi_SQK-LSK108_WA01.merged.fq
    jobid: 3
    wildcards: sample=FAB49164-4045668814_Multi_SQK-LSK108_WA01

Submitted job 3 with external jobid 'Job <3991768> is submitted to default queue <medium>.'.

[Wed Sep  9 19:15:58 2020]
rule merge_fastqs:
    input: /icgc/dkfzlsdf/analysis/C010/mayerma/methylation_analysis/fastq/
    output: data/FAB42451-4239353418_Multi_SQK-LSK108_WA01.merged.fq
    jobid: 5
    wildcards: sample=FAB42451-4239353418_Multi_SQK-LSK108_WA01

Submitted job 5 with external jobid 'Job <3991769> is submitted to default queue <medium>.'.

[Wed Sep  9 19:15:58 2020]
rule merge_fastqs:
    input: /icgc/dkfzlsdf/analysis/C010/mayerma/methylation_analysis/fastq/
    output: data/FAB44989-2567311907_Multi_SQK-LSK108_WA01.merged.fq
    jobid: 7
    wildcards: sample=FAB44989-2567311907_Multi_SQK-LSK108_WA01

Submitted job 7 with external jobid 'Job <3991770> is submitted to default queue <medium>.'.

[Wed Sep  9 19:15:58 2020]
rule merge_fastqs:
    input: /icgc/dkfzlsdf/analysis/C010/mayerma/methylation_analysis/fastq/
    output: data/FAB45277-86567043_Multi_SQK-LSK108_WA01.merged.fq
    jobid: 9
    wildcards: sample=FAB45277-86567043_Multi_SQK-LSK108_WA01

Submitted job 9 with external jobid 'Job <3991771> is submitted to default queue <medium>.'.

[Wed Sep  9 19:15:58 2020]
rule merge_fastqs:
    input: /icgc/dkfzlsdf/analysis/C010/mayerma/methylation_analysis/fastq/
    output: data/FAB49712-622291475_Multi_SQK-LSK108_WA01.merged.fq
    jobid: 11
    wildcards: sample=FAB49712-622291475_Multi_SQK-LSK108_WA01

Submitted job 11 with external jobid 'Job <3991772> is submitted to default queue <medium>.'.

[Wed Sep  9 19:15:59 2020]
rule merge_fastqs:
    input: /icgc/dkfzlsdf/analysis/C010/mayerma/methylation_analysis/fastq/
    output: data/FAF01169-4245879798_Multi_SQK-LSK108_WA01.merged.fq
    jobid: 16
    wildcards: sample=FAF01169-4245879798_Multi_SQK-LSK108_WA01

Submitted job 16 with external jobid 'Job <3991773> is submitted to default queue <medium>.'.

[Wed Sep  9 19:15:59 2020]
rule merge_fastqs:
    input: /icgc/dkfzlsdf/analysis/C010/mayerma/methylation_analysis/fastq/
    output: data/FAF05869-87644245_Multi_SQK-LSK108_WA01.merged.fq
    jobid: 18
    wildcards: sample=FAF05869-87644245_Multi_SQK-LSK108_WA01

Submitted job 18 with external jobid 'Job <3991774> is submitted to default queue <medium>.'.

[Wed Sep  9 19:15:59 2020]
rule merge_fastqs:
    input: /icgc/dkfzlsdf/analysis/C010/mayerma/methylation_analysis/fastq/
    output: data/FAB49914-3775529215_Multi_SQK-LSK108_WA01.merged.fq
    jobid: 13
    wildcards: sample=FAB49914-3775529215_Multi_SQK-LSK108_WA01

Submitted job 13 with external jobid 'Job <3991775> is submitted to default queue <medium>.'.

[Wed Sep  9 19:15:59 2020]
rule merge_fastqs:
    input: /icgc/dkfzlsdf/analysis/C010/mayerma/methylation_analysis/fastq/
    output: data/FAF01132-84868110_Multi_SQK-LSK108_WA01.merged.fq
    jobid: 15
    wildcards: sample=FAF01132-84868110_Multi_SQK-LSK108_WA01

Submitted job 15 with external jobid 'Job <3991776> is submitted to default queue <medium>.'.

[Wed Sep  9 19:15:59 2020]
rule merge_fastqs:
    input: /icgc/dkfzlsdf/analysis/C010/mayerma/methylation_analysis/fastq/
    output: data/FAB39088-288418386_Multi_SQK-LSK108_WA01.merged.fq
    jobid: 2
    wildcards: sample=FAB39088-288418386_Multi_SQK-LSK108_WA01

Submitted job 2 with external jobid 'Job <3991777> is submitted to default queue <medium>.'.

[Wed Sep  9 19:15:59 2020]
rule merge_fastqs:
    input: /icgc/dkfzlsdf/analysis/C010/mayerma/methylation_analysis/fastq/
    output: data/FAB42316-216722908_Multi_SQK-LSK108_WA01.merged.fq
    jobid: 4
    wildcards: sample=FAB42316-216722908_Multi_SQK-LSK108_WA01

Submitted job 4 with external jobid 'Job <3991778> is submitted to default queue <medium>.'.

[Wed Sep  9 19:15:59 2020]
rule merge_fastqs:
    input: /icgc/dkfzlsdf/analysis/C010/mayerma/methylation_analysis/fastq/
    output: data/FAB42473-4179682758_Multi_SQK-LSK108_WA01.merged.fq
    jobid: 6
    wildcards: sample=FAB42473-4179682758_Multi_SQK-LSK108_WA01

Submitted job 6 with external jobid 'Job <3991779> is submitted to default queue <medium>.'.

[Wed Sep  9 19:16:00 2020]
rule merge_fastqs:
    input: /icgc/dkfzlsdf/analysis/C010/mayerma/methylation_analysis/fastq/
    output: data/FAB45271-152889212_Multi_SQK-LSK108_WA01.merged.fq
    jobid: 8
    wildcards: sample=FAB45271-152889212_Multi_SQK-LSK108_WA01

Submitted job 8 with external jobid 'Job <3991780> is submitted to default queue <medium>.'.

[Wed Sep  9 19:16:00 2020]
rule merge_fastqs:
    input: /icgc/dkfzlsdf/analysis/C010/mayerma/methylation_analysis/fastq/
    output: data/FAB45332-551111640_Multi_SQK-LSK108_WA01.merged.fq
    jobid: 10
    wildcards: sample=FAB45332-551111640_Multi_SQK-LSK108_WA01

Submitted job 10 with external jobid 'Job <3991781> is submitted to default queue <medium>.'.

[Wed Sep  9 19:16:00 2020]
rule merge_fastqs:
    input: /icgc/dkfzlsdf/analysis/C010/mayerma/methylation_analysis/fastq/
    output: data/FAF01253-83756522_Multi_SQK-LSK108_WA01.merged.fq
    jobid: 17
    wildcards: sample=FAF01253-83756522_Multi_SQK-LSK108_WA01

Submitted job 17 with external jobid 'Job <3991782> is submitted to default queue <medium>.'.
[Wed Sep  9 19:16:06 2020]
Error in rule merge_fastqs:
    jobid: 19
    output: data/FAF18554-4178920553_Multi_SQK-LSK108_WA01.merged.fq
    shell:
        cat /icgc/dkfzlsdf/analysis/C010/mayerma/methylation_analysis/fastq/FAB39075-4246400039_Multi_SQK-LSK108_WA01, FAB39088-288418386_Multi_SQK-LSK108_WA01, FAB49164-4045668814_Multi_SQK-LSK108_WA01, FAB42316-216722908_Multi_SQK-LSK108_WA01, FAB42451-4239353418_Multi_SQK-LSK108_WA01, FAB42473-4179682758_Multi_SQK-LSK108_WA01, FAB44989-2567311907_Multi_SQK-LSK108_WA01, FAB45271-152889212_Multi_SQK-LSK108_WA01, FAB45277-86567043_Multi_SQK-LSK108_WA01, FAB45332-551111640_Multi_SQK-LSK108_WA01, FAB49712-622291475_Multi_SQK-LSK108_WA01, FAB49908-481119249_Multi_SQK-LSK108_WA01, FAB49914-3775529215_Multi_SQK-LSK108_WA01, FAF01127-353303576_Multi_SQK-LSK108_WA01, FAF01132-84868110_Multi_SQK-LSK108_WA01, FAF01169-4245879798_Multi_SQK-LSK108_WA01, FAF01253-83756522_Multi_SQK-LSK108_WA01, FAF05869-87644245_Multi_SQK-LSK108_WA01, FAF18554-4178920553_Multi_SQK-LSK108_WA01_*.fq > data/FAF18554-4178920553_Multi_SQK-LSK108_WA01.merged.fq
        (one of the commands exited with non-zero exit code; note that snakemake uses bash strict mode!)
    cluster_jobid: Job <3991764> is submitted to default queue <medium>.

Error executing rule merge_fastqs on cluster (jobid: 19, external: Job <3991764> is submitted to default queue <medium>., jobscript: /icgc/dkfzlsdf/analysis/C010/brooks/meth_calling_pipeline/.snakemake/tmp.m6cj2uk7/snakejob.merge_fastqs.19.sh). For error details see the cluster log and the log files of the involved rule(s).
Job failed, going on with independent jobs.
[Wed Sep  9 19:16:06 2020]
Error in rule merge_fastqs:
    jobid: 12
    output: data/FAB49908-481119249_Multi_SQK-LSK108_WA01.merged.fq
    shell:
        cat /icgc/dkfzlsdf/analysis/C010/mayerma/methylation_analysis/fastq/FAB39075-4246400039_Multi_SQK-LSK108_WA01, FAB39088-288418386_Multi_SQK-LSK108_WA01, FAB49164-4045668814_Multi_SQK-LSK108_WA01, FAB42316-216722908_Multi_SQK-LSK108_WA01, FAB42451-4239353418_Multi_SQK-LSK108_WA01, FAB42473-4179682758_Multi_SQK-LSK108_WA01, FAB44989-2567311907_Multi_SQK-LSK108_WA01, FAB45271-152889212_Multi_SQK-LSK108_WA01, FAB45277-86567043_Multi_SQK-LSK108_WA01, FAB45332-551111640_Multi_SQK-LSK108_WA01, FAB49712-622291475_Multi_SQK-LSK108_WA01, FAB49908-481119249_Multi_SQK-LSK108_WA01, FAB49914-3775529215_Multi_SQK-LSK108_WA01, FAF01127-353303576_Multi_SQK-LSK108_WA01, FAF01132-84868110_Multi_SQK-LSK108_WA01, FAF01169-4245879798_Multi_SQK-LSK108_WA01, FAF01253-83756522_Multi_SQK-LSK108_WA01, FAF05869-87644245_Multi_SQK-LSK108_WA01, FAF18554-4178920553_Multi_SQK-LSK108_WA01_*.fq > data/FAB49908-481119249_Multi_SQK-LSK108_WA01.merged.fq
        (one of the commands exited with non-zero exit code; note that snakemake uses bash strict mode!)
    cluster_jobid: Job <3991765> is submitted to default queue <medium>.

Error executing rule merge_fastqs on cluster (jobid: 12, external: Job <3991765> is submitted to default queue <medium>., jobscript: /icgc/dkfzlsdf/analysis/C010/brooks/meth_calling_pipeline/.snakemake/tmp.m6cj2uk7/snakejob.merge_fastqs.12.sh). For error details see the cluster log and the log files of the involved rule(s).
Job failed, going on with independent jobs.
[Wed Sep  9 19:16:06 2020]
Error in rule merge_fastqs:
    jobid: 14
    output: data/FAF01127-353303576_Multi_SQK-LSK108_WA01.merged.fq
    shell:
        cat /icgc/dkfzlsdf/analysis/C010/mayerma/methylation_analysis/fastq/FAB39075-4246400039_Multi_SQK-LSK108_WA01, FAB39088-288418386_Multi_SQK-LSK108_WA01, FAB49164-4045668814_Multi_SQK-LSK108_WA01, FAB42316-216722908_Multi_SQK-LSK108_WA01, FAB42451-4239353418_Multi_SQK-LSK108_WA01, FAB42473-4179682758_Multi_SQK-LSK108_WA01, FAB44989-2567311907_Multi_SQK-LSK108_WA01, FAB45271-152889212_Multi_SQK-LSK108_WA01, FAB45277-86567043_Multi_SQK-LSK108_WA01, FAB45332-551111640_Multi_SQK-LSK108_WA01, FAB49712-622291475_Multi_SQK-LSK108_WA01, FAB49908-481119249_Multi_SQK-LSK108_WA01, FAB49914-3775529215_Multi_SQK-LSK108_WA01, FAF01127-353303576_Multi_SQK-LSK108_WA01, FAF01132-84868110_Multi_SQK-LSK108_WA01, FAF01169-4245879798_Multi_SQK-LSK108_WA01, FAF01253-83756522_Multi_SQK-LSK108_WA01, FAF05869-87644245_Multi_SQK-LSK108_WA01, FAF18554-4178920553_Multi_SQK-LSK108_WA01_*.fq > data/FAF01127-353303576_Multi_SQK-LSK108_WA01.merged.fq
        (one of the commands exited with non-zero exit code; note that snakemake uses bash strict mode!)
    cluster_jobid: Job <3991766> is submitted to default queue <medium>.

Error executing rule merge_fastqs on cluster (jobid: 14, external: Job <3991766> is submitted to default queue <medium>., jobscript: /icgc/dkfzlsdf/analysis/C010/brooks/meth_calling_pipeline/.snakemake/tmp.m6cj2uk7/snakejob.merge_fastqs.14.sh). For error details see the cluster log and the log files of the involved rule(s).
Job failed, going on with independent jobs.
[Wed Sep  9 19:16:06 2020]
Error in rule merge_fastqs:
    jobid: 1
    output: data/FAB39075-4246400039_Multi_SQK-LSK108_WA01.merged.fq
    shell:
        cat /icgc/dkfzlsdf/analysis/C010/mayerma/methylation_analysis/fastq/FAB39075-4246400039_Multi_SQK-LSK108_WA01, FAB39088-288418386_Multi_SQK-LSK108_WA01, FAB49164-4045668814_Multi_SQK-LSK108_WA01, FAB42316-216722908_Multi_SQK-LSK108_WA01, FAB42451-4239353418_Multi_SQK-LSK108_WA01, FAB42473-4179682758_Multi_SQK-LSK108_WA01, FAB44989-2567311907_Multi_SQK-LSK108_WA01, FAB45271-152889212_Multi_SQK-LSK108_WA01, FAB45277-86567043_Multi_SQK-LSK108_WA01, FAB45332-551111640_Multi_SQK-LSK108_WA01, FAB49712-622291475_Multi_SQK-LSK108_WA01, FAB49908-481119249_Multi_SQK-LSK108_WA01, FAB49914-3775529215_Multi_SQK-LSK108_WA01, FAF01127-353303576_Multi_SQK-LSK108_WA01, FAF01132-84868110_Multi_SQK-LSK108_WA01, FAF01169-4245879798_Multi_SQK-LSK108_WA01, FAF01253-83756522_Multi_SQK-LSK108_WA01, FAF05869-87644245_Multi_SQK-LSK108_WA01, FAF18554-4178920553_Multi_SQK-LSK108_WA01_*.fq > data/FAB39075-4246400039_Multi_SQK-LSK108_WA01.merged.fq
        (one of the commands exited with non-zero exit code; note that snakemake uses bash strict mode!)
    cluster_jobid: Job <3991767> is submitted to default queue <medium>.

Error executing rule merge_fastqs on cluster (jobid: 1, external: Job <3991767> is submitted to default queue <medium>., jobscript: /icgc/dkfzlsdf/analysis/C010/brooks/meth_calling_pipeline/.snakemake/tmp.m6cj2uk7/snakejob.merge_fastqs.1.sh). For error details see the cluster log and the log files of the involved rule(s).
Job failed, going on with independent jobs.
[Wed Sep  9 19:16:06 2020]
Error in rule merge_fastqs:
    jobid: 3
    output: data/FAB49164-4045668814_Multi_SQK-LSK108_WA01.merged.fq
    shell:
        cat /icgc/dkfzlsdf/analysis/C010/mayerma/methylation_analysis/fastq/FAB39075-4246400039_Multi_SQK-LSK108_WA01, FAB39088-288418386_Multi_SQK-LSK108_WA01, FAB49164-4045668814_Multi_SQK-LSK108_WA01, FAB42316-216722908_Multi_SQK-LSK108_WA01, FAB42451-4239353418_Multi_SQK-LSK108_WA01, FAB42473-4179682758_Multi_SQK-LSK108_WA01, FAB44989-2567311907_Multi_SQK-LSK108_WA01, FAB45271-152889212_Multi_SQK-LSK108_WA01, FAB45277-86567043_Multi_SQK-LSK108_WA01, FAB45332-551111640_Multi_SQK-LSK108_WA01, FAB49712-622291475_Multi_SQK-LSK108_WA01, FAB49908-481119249_Multi_SQK-LSK108_WA01, FAB49914-3775529215_Multi_SQK-LSK108_WA01, FAF01127-353303576_Multi_SQK-LSK108_WA01, FAF01132-84868110_Multi_SQK-LSK108_WA01, FAF01169-4245879798_Multi_SQK-LSK108_WA01, FAF01253-83756522_Multi_SQK-LSK108_WA01, FAF05869-87644245_Multi_SQK-LSK108_WA01, FAF18554-4178920553_Multi_SQK-LSK108_WA01_*.fq > data/FAB49164-4045668814_Multi_SQK-LSK108_WA01.merged.fq
        (one of the commands exited with non-zero exit code; note that snakemake uses bash strict mode!)
    cluster_jobid: Job <3991768> is submitted to default queue <medium>.

Error executing rule merge_fastqs on cluster (jobid: 3, external: Job <3991768> is submitted to default queue <medium>., jobscript: /icgc/dkfzlsdf/analysis/C010/brooks/meth_calling_pipeline/.snakemake/tmp.m6cj2uk7/snakejob.merge_fastqs.3.sh). For error details see the cluster log and the log files of the involved rule(s).
Job failed, going on with independent jobs.
[Wed Sep  9 19:16:06 2020]
Error in rule merge_fastqs:
    jobid: 5
    output: data/FAB42451-4239353418_Multi_SQK-LSK108_WA01.merged.fq
    shell:
        cat /icgc/dkfzlsdf/analysis/C010/mayerma/methylation_analysis/fastq/FAB39075-4246400039_Multi_SQK-LSK108_WA01, FAB39088-288418386_Multi_SQK-LSK108_WA01, FAB49164-4045668814_Multi_SQK-LSK108_WA01, FAB42316-216722908_Multi_SQK-LSK108_WA01, FAB42451-4239353418_Multi_SQK-LSK108_WA01, FAB42473-4179682758_Multi_SQK-LSK108_WA01, FAB44989-2567311907_Multi_SQK-LSK108_WA01, FAB45271-152889212_Multi_SQK-LSK108_WA01, FAB45277-86567043_Multi_SQK-LSK108_WA01, FAB45332-551111640_Multi_SQK-LSK108_WA01, FAB49712-622291475_Multi_SQK-LSK108_WA01, FAB49908-481119249_Multi_SQK-LSK108_WA01, FAB49914-3775529215_Multi_SQK-LSK108_WA01, FAF01127-353303576_Multi_SQK-LSK108_WA01, FAF01132-84868110_Multi_SQK-LSK108_WA01, FAF01169-4245879798_Multi_SQK-LSK108_WA01, FAF01253-83756522_Multi_SQK-LSK108_WA01, FAF05869-87644245_Multi_SQK-LSK108_WA01, FAF18554-4178920553_Multi_SQK-LSK108_WA01_*.fq > data/FAB42451-4239353418_Multi_SQK-LSK108_WA01.merged.fq
        (one of the commands exited with non-zero exit code; note that snakemake uses bash strict mode!)
    cluster_jobid: Job <3991769> is submitted to default queue <medium>.

Error executing rule merge_fastqs on cluster (jobid: 5, external: Job <3991769> is submitted to default queue <medium>., jobscript: /icgc/dkfzlsdf/analysis/C010/brooks/meth_calling_pipeline/.snakemake/tmp.m6cj2uk7/snakejob.merge_fastqs.5.sh). For error details see the cluster log and the log files of the involved rule(s).
Job failed, going on with independent jobs.
[Wed Sep  9 19:16:06 2020]
Error in rule merge_fastqs:
    jobid: 7
    output: data/FAB44989-2567311907_Multi_SQK-LSK108_WA01.merged.fq
    shell:
        cat /icgc/dkfzlsdf/analysis/C010/mayerma/methylation_analysis/fastq/FAB39075-4246400039_Multi_SQK-LSK108_WA01, FAB39088-288418386_Multi_SQK-LSK108_WA01, FAB49164-4045668814_Multi_SQK-LSK108_WA01, FAB42316-216722908_Multi_SQK-LSK108_WA01, FAB42451-4239353418_Multi_SQK-LSK108_WA01, FAB42473-4179682758_Multi_SQK-LSK108_WA01, FAB44989-2567311907_Multi_SQK-LSK108_WA01, FAB45271-152889212_Multi_SQK-LSK108_WA01, FAB45277-86567043_Multi_SQK-LSK108_WA01, FAB45332-551111640_Multi_SQK-LSK108_WA01, FAB49712-622291475_Multi_SQK-LSK108_WA01, FAB49908-481119249_Multi_SQK-LSK108_WA01, FAB49914-3775529215_Multi_SQK-LSK108_WA01, FAF01127-353303576_Multi_SQK-LSK108_WA01, FAF01132-84868110_Multi_SQK-LSK108_WA01, FAF01169-4245879798_Multi_SQK-LSK108_WA01, FAF01253-83756522_Multi_SQK-LSK108_WA01, FAF05869-87644245_Multi_SQK-LSK108_WA01, FAF18554-4178920553_Multi_SQK-LSK108_WA01_*.fq > data/FAB44989-2567311907_Multi_SQK-LSK108_WA01.merged.fq
        (one of the commands exited with non-zero exit code; note that snakemake uses bash strict mode!)
    cluster_jobid: Job <3991770> is submitted to default queue <medium>.

Error executing rule merge_fastqs on cluster (jobid: 7, external: Job <3991770> is submitted to default queue <medium>., jobscript: /icgc/dkfzlsdf/analysis/C010/brooks/meth_calling_pipeline/.snakemake/tmp.m6cj2uk7/snakejob.merge_fastqs.7.sh). For error details see the cluster log and the log files of the involved rule(s).
Job failed, going on with independent jobs.
[Wed Sep  9 19:16:06 2020]
Error in rule merge_fastqs:
    jobid: 9
    output: data/FAB45277-86567043_Multi_SQK-LSK108_WA01.merged.fq
    shell:
        cat /icgc/dkfzlsdf/analysis/C010/mayerma/methylation_analysis/fastq/FAB39075-4246400039_Multi_SQK-LSK108_WA01, FAB39088-288418386_Multi_SQK-LSK108_WA01, FAB49164-4045668814_Multi_SQK-LSK108_WA01, FAB42316-216722908_Multi_SQK-LSK108_WA01, FAB42451-4239353418_Multi_SQK-LSK108_WA01, FAB42473-4179682758_Multi_SQK-LSK108_WA01, FAB44989-2567311907_Multi_SQK-LSK108_WA01, FAB45271-152889212_Multi_SQK-LSK108_WA01, FAB45277-86567043_Multi_SQK-LSK108_WA01, FAB45332-551111640_Multi_SQK-LSK108_WA01, FAB49712-622291475_Multi_SQK-LSK108_WA01, FAB49908-481119249_Multi_SQK-LSK108_WA01, FAB49914-3775529215_Multi_SQK-LSK108_WA01, FAF01127-353303576_Multi_SQK-LSK108_WA01, FAF01132-84868110_Multi_SQK-LSK108_WA01, FAF01169-4245879798_Multi_SQK-LSK108_WA01, FAF01253-83756522_Multi_SQK-LSK108_WA01, FAF05869-87644245_Multi_SQK-LSK108_WA01, FAF18554-4178920553_Multi_SQK-LSK108_WA01_*.fq > data/FAB45277-86567043_Multi_SQK-LSK108_WA01.merged.fq
        (one of the commands exited with non-zero exit code; note that snakemake uses bash strict mode!)
    cluster_jobid: Job <3991771> is submitted to default queue <medium>.

Error executing rule merge_fastqs on cluster (jobid: 9, external: Job <3991771> is submitted to default queue <medium>., jobscript: /icgc/dkfzlsdf/analysis/C010/brooks/meth_calling_pipeline/.snakemake/tmp.m6cj2uk7/snakejob.merge_fastqs.9.sh). For error details see the cluster log and the log files of the involved rule(s).
Job failed, going on with independent jobs.
[Wed Sep  9 19:16:06 2020]
Error in rule merge_fastqs:
    jobid: 11
    output: data/FAB49712-622291475_Multi_SQK-LSK108_WA01.merged.fq
    shell:
        cat /icgc/dkfzlsdf/analysis/C010/mayerma/methylation_analysis/fastq/FAB39075-4246400039_Multi_SQK-LSK108_WA01, FAB39088-288418386_Multi_SQK-LSK108_WA01, FAB49164-4045668814_Multi_SQK-LSK108_WA01, FAB42316-216722908_Multi_SQK-LSK108_WA01, FAB42451-4239353418_Multi_SQK-LSK108_WA01, FAB42473-4179682758_Multi_SQK-LSK108_WA01, FAB44989-2567311907_Multi_SQK-LSK108_WA01, FAB45271-152889212_Multi_SQK-LSK108_WA01, FAB45277-86567043_Multi_SQK-LSK108_WA01, FAB45332-551111640_Multi_SQK-LSK108_WA01, FAB49712-622291475_Multi_SQK-LSK108_WA01, FAB49908-481119249_Multi_SQK-LSK108_WA01, FAB49914-3775529215_Multi_SQK-LSK108_WA01, FAF01127-353303576_Multi_SQK-LSK108_WA01, FAF01132-84868110_Multi_SQK-LSK108_WA01, FAF01169-4245879798_Multi_SQK-LSK108_WA01, FAF01253-83756522_Multi_SQK-LSK108_WA01, FAF05869-87644245_Multi_SQK-LSK108_WA01, FAF18554-4178920553_Multi_SQK-LSK108_WA01_*.fq > data/FAB49712-622291475_Multi_SQK-LSK108_WA01.merged.fq
        (one of the commands exited with non-zero exit code; note that snakemake uses bash strict mode!)
    cluster_jobid: Job <3991772> is submitted to default queue <medium>.

Error executing rule merge_fastqs on cluster (jobid: 11, external: Job <3991772> is submitted to default queue <medium>., jobscript: /icgc/dkfzlsdf/analysis/C010/brooks/meth_calling_pipeline/.snakemake/tmp.m6cj2uk7/snakejob.merge_fastqs.11.sh). For error details see the cluster log and the log files of the involved rule(s).
Job failed, going on with independent jobs.
[Wed Sep  9 19:16:06 2020]
Error in rule merge_fastqs:
    jobid: 16
    output: data/FAF01169-4245879798_Multi_SQK-LSK108_WA01.merged.fq
    shell:
        cat /icgc/dkfzlsdf/analysis/C010/mayerma/methylation_analysis/fastq/FAB39075-4246400039_Multi_SQK-LSK108_WA01, FAB39088-288418386_Multi_SQK-LSK108_WA01, FAB49164-4045668814_Multi_SQK-LSK108_WA01, FAB42316-216722908_Multi_SQK-LSK108_WA01, FAB42451-4239353418_Multi_SQK-LSK108_WA01, FAB42473-4179682758_Multi_SQK-LSK108_WA01, FAB44989-2567311907_Multi_SQK-LSK108_WA01, FAB45271-152889212_Multi_SQK-LSK108_WA01, FAB45277-86567043_Multi_SQK-LSK108_WA01, FAB45332-551111640_Multi_SQK-LSK108_WA01, FAB49712-622291475_Multi_SQK-LSK108_WA01, FAB49908-481119249_Multi_SQK-LSK108_WA01, FAB49914-3775529215_Multi_SQK-LSK108_WA01, FAF01127-353303576_Multi_SQK-LSK108_WA01, FAF01132-84868110_Multi_SQK-LSK108_WA01, FAF01169-4245879798_Multi_SQK-LSK108_WA01, FAF01253-83756522_Multi_SQK-LSK108_WA01, FAF05869-87644245_Multi_SQK-LSK108_WA01, FAF18554-4178920553_Multi_SQK-LSK108_WA01_*.fq > data/FAF01169-4245879798_Multi_SQK-LSK108_WA01.merged.fq
        (one of the commands exited with non-zero exit code; note that snakemake uses bash strict mode!)
    cluster_jobid: Job <3991773> is submitted to default queue <medium>.

Error executing rule merge_fastqs on cluster (jobid: 16, external: Job <3991773> is submitted to default queue <medium>., jobscript: /icgc/dkfzlsdf/analysis/C010/brooks/meth_calling_pipeline/.snakemake/tmp.m6cj2uk7/snakejob.merge_fastqs.16.sh). For error details see the cluster log and the log files of the involved rule(s).
Job failed, going on with independent jobs.
[Wed Sep  9 19:16:07 2020]
Error in rule merge_fastqs:
    jobid: 18
    output: data/FAF05869-87644245_Multi_SQK-LSK108_WA01.merged.fq
    shell:
        cat /icgc/dkfzlsdf/analysis/C010/mayerma/methylation_analysis/fastq/FAB39075-4246400039_Multi_SQK-LSK108_WA01, FAB39088-288418386_Multi_SQK-LSK108_WA01, FAB49164-4045668814_Multi_SQK-LSK108_WA01, FAB42316-216722908_Multi_SQK-LSK108_WA01, FAB42451-4239353418_Multi_SQK-LSK108_WA01, FAB42473-4179682758_Multi_SQK-LSK108_WA01, FAB44989-2567311907_Multi_SQK-LSK108_WA01, FAB45271-152889212_Multi_SQK-LSK108_WA01, FAB45277-86567043_Multi_SQK-LSK108_WA01, FAB45332-551111640_Multi_SQK-LSK108_WA01, FAB49712-622291475_Multi_SQK-LSK108_WA01, FAB49908-481119249_Multi_SQK-LSK108_WA01, FAB49914-3775529215_Multi_SQK-LSK108_WA01, FAF01127-353303576_Multi_SQK-LSK108_WA01, FAF01132-84868110_Multi_SQK-LSK108_WA01, FAF01169-4245879798_Multi_SQK-LSK108_WA01, FAF01253-83756522_Multi_SQK-LSK108_WA01, FAF05869-87644245_Multi_SQK-LSK108_WA01, FAF18554-4178920553_Multi_SQK-LSK108_WA01_*.fq > data/FAF05869-87644245_Multi_SQK-LSK108_WA01.merged.fq
        (one of the commands exited with non-zero exit code; note that snakemake uses bash strict mode!)
    cluster_jobid: Job <3991774> is submitted to default queue <medium>.

Error executing rule merge_fastqs on cluster (jobid: 18, external: Job <3991774> is submitted to default queue <medium>., jobscript: /icgc/dkfzlsdf/analysis/C010/brooks/meth_calling_pipeline/.snakemake/tmp.m6cj2uk7/snakejob.merge_fastqs.18.sh). For error details see the cluster log and the log files of the involved rule(s).
Job failed, going on with independent jobs.
[Wed Sep  9 19:16:07 2020]
Error in rule merge_fastqs:
    jobid: 13
    output: data/FAB49914-3775529215_Multi_SQK-LSK108_WA01.merged.fq
    shell:
        cat /icgc/dkfzlsdf/analysis/C010/mayerma/methylation_analysis/fastq/FAB39075-4246400039_Multi_SQK-LSK108_WA01, FAB39088-288418386_Multi_SQK-LSK108_WA01, FAB49164-4045668814_Multi_SQK-LSK108_WA01, FAB42316-216722908_Multi_SQK-LSK108_WA01, FAB42451-4239353418_Multi_SQK-LSK108_WA01, FAB42473-4179682758_Multi_SQK-LSK108_WA01, FAB44989-2567311907_Multi_SQK-LSK108_WA01, FAB45271-152889212_Multi_SQK-LSK108_WA01, FAB45277-86567043_Multi_SQK-LSK108_WA01, FAB45332-551111640_Multi_SQK-LSK108_WA01, FAB49712-622291475_Multi_SQK-LSK108_WA01, FAB49908-481119249_Multi_SQK-LSK108_WA01, FAB49914-3775529215_Multi_SQK-LSK108_WA01, FAF01127-353303576_Multi_SQK-LSK108_WA01, FAF01132-84868110_Multi_SQK-LSK108_WA01, FAF01169-4245879798_Multi_SQK-LSK108_WA01, FAF01253-83756522_Multi_SQK-LSK108_WA01, FAF05869-87644245_Multi_SQK-LSK108_WA01, FAF18554-4178920553_Multi_SQK-LSK108_WA01_*.fq > data/FAB49914-3775529215_Multi_SQK-LSK108_WA01.merged.fq
        (one of the commands exited with non-zero exit code; note that snakemake uses bash strict mode!)
    cluster_jobid: Job <3991775> is submitted to default queue <medium>.

Error executing rule merge_fastqs on cluster (jobid: 13, external: Job <3991775> is submitted to default queue <medium>., jobscript: /icgc/dkfzlsdf/analysis/C010/brooks/meth_calling_pipeline/.snakemake/tmp.m6cj2uk7/snakejob.merge_fastqs.13.sh). For error details see the cluster log and the log files of the involved rule(s).
Job failed, going on with independent jobs.
[Wed Sep  9 19:16:07 2020]
Error in rule merge_fastqs:
    jobid: 15
    output: data/FAF01132-84868110_Multi_SQK-LSK108_WA01.merged.fq
    shell:
        cat /icgc/dkfzlsdf/analysis/C010/mayerma/methylation_analysis/fastq/FAB39075-4246400039_Multi_SQK-LSK108_WA01, FAB39088-288418386_Multi_SQK-LSK108_WA01, FAB49164-4045668814_Multi_SQK-LSK108_WA01, FAB42316-216722908_Multi_SQK-LSK108_WA01, FAB42451-4239353418_Multi_SQK-LSK108_WA01, FAB42473-4179682758_Multi_SQK-LSK108_WA01, FAB44989-2567311907_Multi_SQK-LSK108_WA01, FAB45271-152889212_Multi_SQK-LSK108_WA01, FAB45277-86567043_Multi_SQK-LSK108_WA01, FAB45332-551111640_Multi_SQK-LSK108_WA01, FAB49712-622291475_Multi_SQK-LSK108_WA01, FAB49908-481119249_Multi_SQK-LSK108_WA01, FAB49914-3775529215_Multi_SQK-LSK108_WA01, FAF01127-353303576_Multi_SQK-LSK108_WA01, FAF01132-84868110_Multi_SQK-LSK108_WA01, FAF01169-4245879798_Multi_SQK-LSK108_WA01, FAF01253-83756522_Multi_SQK-LSK108_WA01, FAF05869-87644245_Multi_SQK-LSK108_WA01, FAF18554-4178920553_Multi_SQK-LSK108_WA01_*.fq > data/FAF01132-84868110_Multi_SQK-LSK108_WA01.merged.fq
        (one of the commands exited with non-zero exit code; note that snakemake uses bash strict mode!)
    cluster_jobid: Job <3991776> is submitted to default queue <medium>.

Error executing rule merge_fastqs on cluster (jobid: 15, external: Job <3991776> is submitted to default queue <medium>., jobscript: /icgc/dkfzlsdf/analysis/C010/brooks/meth_calling_pipeline/.snakemake/tmp.m6cj2uk7/snakejob.merge_fastqs.15.sh). For error details see the cluster log and the log files of the involved rule(s).
Job failed, going on with independent jobs.
[Wed Sep  9 19:16:07 2020]
Error in rule merge_fastqs:
    jobid: 2
    output: data/FAB39088-288418386_Multi_SQK-LSK108_WA01.merged.fq
    shell:
        cat /icgc/dkfzlsdf/analysis/C010/mayerma/methylation_analysis/fastq/FAB39075-4246400039_Multi_SQK-LSK108_WA01, FAB39088-288418386_Multi_SQK-LSK108_WA01, FAB49164-4045668814_Multi_SQK-LSK108_WA01, FAB42316-216722908_Multi_SQK-LSK108_WA01, FAB42451-4239353418_Multi_SQK-LSK108_WA01, FAB42473-4179682758_Multi_SQK-LSK108_WA01, FAB44989-2567311907_Multi_SQK-LSK108_WA01, FAB45271-152889212_Multi_SQK-LSK108_WA01, FAB45277-86567043_Multi_SQK-LSK108_WA01, FAB45332-551111640_Multi_SQK-LSK108_WA01, FAB49712-622291475_Multi_SQK-LSK108_WA01, FAB49908-481119249_Multi_SQK-LSK108_WA01, FAB49914-3775529215_Multi_SQK-LSK108_WA01, FAF01127-353303576_Multi_SQK-LSK108_WA01, FAF01132-84868110_Multi_SQK-LSK108_WA01, FAF01169-4245879798_Multi_SQK-LSK108_WA01, FAF01253-83756522_Multi_SQK-LSK108_WA01, FAF05869-87644245_Multi_SQK-LSK108_WA01, FAF18554-4178920553_Multi_SQK-LSK108_WA01_*.fq > data/FAB39088-288418386_Multi_SQK-LSK108_WA01.merged.fq
        (one of the commands exited with non-zero exit code; note that snakemake uses bash strict mode!)
    cluster_jobid: Job <3991777> is submitted to default queue <medium>.

Error executing rule merge_fastqs on cluster (jobid: 2, external: Job <3991777> is submitted to default queue <medium>., jobscript: /icgc/dkfzlsdf/analysis/C010/brooks/meth_calling_pipeline/.snakemake/tmp.m6cj2uk7/snakejob.merge_fastqs.2.sh). For error details see the cluster log and the log files of the involved rule(s).
Job failed, going on with independent jobs.
[Wed Sep  9 19:16:07 2020]
Error in rule merge_fastqs:
    jobid: 4
    output: data/FAB42316-216722908_Multi_SQK-LSK108_WA01.merged.fq
    shell:
        cat /icgc/dkfzlsdf/analysis/C010/mayerma/methylation_analysis/fastq/FAB39075-4246400039_Multi_SQK-LSK108_WA01, FAB39088-288418386_Multi_SQK-LSK108_WA01, FAB49164-4045668814_Multi_SQK-LSK108_WA01, FAB42316-216722908_Multi_SQK-LSK108_WA01, FAB42451-4239353418_Multi_SQK-LSK108_WA01, FAB42473-4179682758_Multi_SQK-LSK108_WA01, FAB44989-2567311907_Multi_SQK-LSK108_WA01, FAB45271-152889212_Multi_SQK-LSK108_WA01, FAB45277-86567043_Multi_SQK-LSK108_WA01, FAB45332-551111640_Multi_SQK-LSK108_WA01, FAB49712-622291475_Multi_SQK-LSK108_WA01, FAB49908-481119249_Multi_SQK-LSK108_WA01, FAB49914-3775529215_Multi_SQK-LSK108_WA01, FAF01127-353303576_Multi_SQK-LSK108_WA01, FAF01132-84868110_Multi_SQK-LSK108_WA01, FAF01169-4245879798_Multi_SQK-LSK108_WA01, FAF01253-83756522_Multi_SQK-LSK108_WA01, FAF05869-87644245_Multi_SQK-LSK108_WA01, FAF18554-4178920553_Multi_SQK-LSK108_WA01_*.fq > data/FAB42316-216722908_Multi_SQK-LSK108_WA01.merged.fq
        (one of the commands exited with non-zero exit code; note that snakemake uses bash strict mode!)
    cluster_jobid: Job <3991778> is submitted to default queue <medium>.

Error executing rule merge_fastqs on cluster (jobid: 4, external: Job <3991778> is submitted to default queue <medium>., jobscript: /icgc/dkfzlsdf/analysis/C010/brooks/meth_calling_pipeline/.snakemake/tmp.m6cj2uk7/snakejob.merge_fastqs.4.sh). For error details see the cluster log and the log files of the involved rule(s).
Job failed, going on with independent jobs.
[Wed Sep  9 19:16:07 2020]
Error in rule merge_fastqs:
    jobid: 6
    output: data/FAB42473-4179682758_Multi_SQK-LSK108_WA01.merged.fq
    shell:
        cat /icgc/dkfzlsdf/analysis/C010/mayerma/methylation_analysis/fastq/FAB39075-4246400039_Multi_SQK-LSK108_WA01, FAB39088-288418386_Multi_SQK-LSK108_WA01, FAB49164-4045668814_Multi_SQK-LSK108_WA01, FAB42316-216722908_Multi_SQK-LSK108_WA01, FAB42451-4239353418_Multi_SQK-LSK108_WA01, FAB42473-4179682758_Multi_SQK-LSK108_WA01, FAB44989-2567311907_Multi_SQK-LSK108_WA01, FAB45271-152889212_Multi_SQK-LSK108_WA01, FAB45277-86567043_Multi_SQK-LSK108_WA01, FAB45332-551111640_Multi_SQK-LSK108_WA01, FAB49712-622291475_Multi_SQK-LSK108_WA01, FAB49908-481119249_Multi_SQK-LSK108_WA01, FAB49914-3775529215_Multi_SQK-LSK108_WA01, FAF01127-353303576_Multi_SQK-LSK108_WA01, FAF01132-84868110_Multi_SQK-LSK108_WA01, FAF01169-4245879798_Multi_SQK-LSK108_WA01, FAF01253-83756522_Multi_SQK-LSK108_WA01, FAF05869-87644245_Multi_SQK-LSK108_WA01, FAF18554-4178920553_Multi_SQK-LSK108_WA01_*.fq > data/FAB42473-4179682758_Multi_SQK-LSK108_WA01.merged.fq
        (one of the commands exited with non-zero exit code; note that snakemake uses bash strict mode!)
    cluster_jobid: Job <3991779> is submitted to default queue <medium>.

Error executing rule merge_fastqs on cluster (jobid: 6, external: Job <3991779> is submitted to default queue <medium>., jobscript: /icgc/dkfzlsdf/analysis/C010/brooks/meth_calling_pipeline/.snakemake/tmp.m6cj2uk7/snakejob.merge_fastqs.6.sh). For error details see the cluster log and the log files of the involved rule(s).
Job failed, going on with independent jobs.
[Wed Sep  9 19:16:07 2020]
Error in rule merge_fastqs:
    jobid: 8
    output: data/FAB45271-152889212_Multi_SQK-LSK108_WA01.merged.fq
    shell:
        cat /icgc/dkfzlsdf/analysis/C010/mayerma/methylation_analysis/fastq/FAB39075-4246400039_Multi_SQK-LSK108_WA01, FAB39088-288418386_Multi_SQK-LSK108_WA01, FAB49164-4045668814_Multi_SQK-LSK108_WA01, FAB42316-216722908_Multi_SQK-LSK108_WA01, FAB42451-4239353418_Multi_SQK-LSK108_WA01, FAB42473-4179682758_Multi_SQK-LSK108_WA01, FAB44989-2567311907_Multi_SQK-LSK108_WA01, FAB45271-152889212_Multi_SQK-LSK108_WA01, FAB45277-86567043_Multi_SQK-LSK108_WA01, FAB45332-551111640_Multi_SQK-LSK108_WA01, FAB49712-622291475_Multi_SQK-LSK108_WA01, FAB49908-481119249_Multi_SQK-LSK108_WA01, FAB49914-3775529215_Multi_SQK-LSK108_WA01, FAF01127-353303576_Multi_SQK-LSK108_WA01, FAF01132-84868110_Multi_SQK-LSK108_WA01, FAF01169-4245879798_Multi_SQK-LSK108_WA01, FAF01253-83756522_Multi_SQK-LSK108_WA01, FAF05869-87644245_Multi_SQK-LSK108_WA01, FAF18554-4178920553_Multi_SQK-LSK108_WA01_*.fq > data/FAB45271-152889212_Multi_SQK-LSK108_WA01.merged.fq
        (one of the commands exited with non-zero exit code; note that snakemake uses bash strict mode!)
    cluster_jobid: Job <3991780> is submitted to default queue <medium>.

Error executing rule merge_fastqs on cluster (jobid: 8, external: Job <3991780> is submitted to default queue <medium>., jobscript: /icgc/dkfzlsdf/analysis/C010/brooks/meth_calling_pipeline/.snakemake/tmp.m6cj2uk7/snakejob.merge_fastqs.8.sh). For error details see the cluster log and the log files of the involved rule(s).
Job failed, going on with independent jobs.
[Wed Sep  9 19:16:07 2020]
Error in rule merge_fastqs:
    jobid: 10
    output: data/FAB45332-551111640_Multi_SQK-LSK108_WA01.merged.fq
    shell:
        cat /icgc/dkfzlsdf/analysis/C010/mayerma/methylation_analysis/fastq/FAB39075-4246400039_Multi_SQK-LSK108_WA01, FAB39088-288418386_Multi_SQK-LSK108_WA01, FAB49164-4045668814_Multi_SQK-LSK108_WA01, FAB42316-216722908_Multi_SQK-LSK108_WA01, FAB42451-4239353418_Multi_SQK-LSK108_WA01, FAB42473-4179682758_Multi_SQK-LSK108_WA01, FAB44989-2567311907_Multi_SQK-LSK108_WA01, FAB45271-152889212_Multi_SQK-LSK108_WA01, FAB45277-86567043_Multi_SQK-LSK108_WA01, FAB45332-551111640_Multi_SQK-LSK108_WA01, FAB49712-622291475_Multi_SQK-LSK108_WA01, FAB49908-481119249_Multi_SQK-LSK108_WA01, FAB49914-3775529215_Multi_SQK-LSK108_WA01, FAF01127-353303576_Multi_SQK-LSK108_WA01, FAF01132-84868110_Multi_SQK-LSK108_WA01, FAF01169-4245879798_Multi_SQK-LSK108_WA01, FAF01253-83756522_Multi_SQK-LSK108_WA01, FAF05869-87644245_Multi_SQK-LSK108_WA01, FAF18554-4178920553_Multi_SQK-LSK108_WA01_*.fq > data/FAB45332-551111640_Multi_SQK-LSK108_WA01.merged.fq
        (one of the commands exited with non-zero exit code; note that snakemake uses bash strict mode!)
    cluster_jobid: Job <3991781> is submitted to default queue <medium>.

Error executing rule merge_fastqs on cluster (jobid: 10, external: Job <3991781> is submitted to default queue <medium>., jobscript: /icgc/dkfzlsdf/analysis/C010/brooks/meth_calling_pipeline/.snakemake/tmp.m6cj2uk7/snakejob.merge_fastqs.10.sh). For error details see the cluster log and the log files of the involved rule(s).
Job failed, going on with independent jobs.
[Wed Sep  9 19:16:07 2020]
Error in rule merge_fastqs:
    jobid: 17
    output: data/FAF01253-83756522_Multi_SQK-LSK108_WA01.merged.fq
    shell:
        cat /icgc/dkfzlsdf/analysis/C010/mayerma/methylation_analysis/fastq/FAB39075-4246400039_Multi_SQK-LSK108_WA01, FAB39088-288418386_Multi_SQK-LSK108_WA01, FAB49164-4045668814_Multi_SQK-LSK108_WA01, FAB42316-216722908_Multi_SQK-LSK108_WA01, FAB42451-4239353418_Multi_SQK-LSK108_WA01, FAB42473-4179682758_Multi_SQK-LSK108_WA01, FAB44989-2567311907_Multi_SQK-LSK108_WA01, FAB45271-152889212_Multi_SQK-LSK108_WA01, FAB45277-86567043_Multi_SQK-LSK108_WA01, FAB45332-551111640_Multi_SQK-LSK108_WA01, FAB49712-622291475_Multi_SQK-LSK108_WA01, FAB49908-481119249_Multi_SQK-LSK108_WA01, FAB49914-3775529215_Multi_SQK-LSK108_WA01, FAF01127-353303576_Multi_SQK-LSK108_WA01, FAF01132-84868110_Multi_SQK-LSK108_WA01, FAF01169-4245879798_Multi_SQK-LSK108_WA01, FAF01253-83756522_Multi_SQK-LSK108_WA01, FAF05869-87644245_Multi_SQK-LSK108_WA01, FAF18554-4178920553_Multi_SQK-LSK108_WA01_*.fq > data/FAF01253-83756522_Multi_SQK-LSK108_WA01.merged.fq
        (one of the commands exited with non-zero exit code; note that snakemake uses bash strict mode!)
    cluster_jobid: Job <3991782> is submitted to default queue <medium>.

Error executing rule merge_fastqs on cluster (jobid: 17, external: Job <3991782> is submitted to default queue <medium>., jobscript: /icgc/dkfzlsdf/analysis/C010/brooks/meth_calling_pipeline/.snakemake/tmp.m6cj2uk7/snakejob.merge_fastqs.17.sh). For error details see the cluster log and the log files of the involved rule(s).
Job failed, going on with independent jobs.
Exiting because a job execution failed. Look above for error message
Complete log: /icgc/dkfzlsdf/analysis/C010/brooks/meth_calling_pipeline/.snakemake/log/2020-09-09T191555.623606.snakemake.log
