Building DAG of jobs...
Using shell: /usr/bin/bash
Provided cluster nodes: 20
Job counts:
	count	jobs
	1	all
	1	calc_freq
	1	call_meth
	1	index_bams
	1	index_reads
	1	merge_fastqs
	1	ngmlr_align
	7

[Fri Aug 21 17:18:28 2020]
rule merge_fastqs:
    input: data/
    output: data/FAB39075-4246400039_Multi_SQK-LSK108_WA01.merged.fq
    jobid: 1
    wildcards: sample=FAB39075-4246400039_Multi_SQK-LSK108_WA01

Submitted job 1 with external jobid 'Job <3916138> is submitted to default queue <long>.'.
[Fri Aug 21 17:26:31 2020]
Finished job 1.
1 of 7 steps (14%) done

[Fri Aug 21 17:26:31 2020]
rule index_reads:
    input: data/guppy/, data/FAB39075-4246400039_Multi_SQK-LSK108_WA01.merged.fq
    output: data/FAB39075-4246400039_Multi_SQK-LSK108_WA01.merged.fq.index, data/FAB39075-4246400039_Multi_SQK-LSK108_WA01.merged.fq.index.gzi, data/FAB39075-4246400039_Multi_SQK-LSK108_WA01.merged.fq.index.fai, data/FAB39075-4246400039_Multi_SQK-LSK108_WA01.merged.fq.index.readdb
    jobid: 2
    wildcards: sample=FAB39075-4246400039_Multi_SQK-LSK108_WA01

Submitted job 2 with external jobid 'Job <3916193> is submitted to default queue <long>.'.

[Fri Aug 21 17:26:31 2020]
rule ngmlr_align:
    input: GCF_000001405.26_GRCh38_genomic.fna, data/FAB39075-4246400039_Multi_SQK-LSK108_WA01.merged.fq
    output: output/mapped/FAB39075-4246400039_Multi_SQK-LSK108_WA01.sorted.bam
    jobid: 3
    wildcards: sample=FAB39075-4246400039_Multi_SQK-LSK108_WA01

Submitted job 3 with external jobid 'Job <3916194> is submitted to default queue <long>.'.
[Fri Aug 21 18:22:41 2020]
Finished job 2.
2 of 7 steps (29%) done
[Fri Aug 21 22:23:38 2020]
Finished job 3.
3 of 7 steps (43%) done

[Fri Aug 21 22:23:38 2020]
rule index_bams:
    input: output/mapped/FAB39075-4246400039_Multi_SQK-LSK108_WA01.sorted.bam
    output: output/mapped/FAB39075-4246400039_Multi_SQK-LSK108_WA01.sorted.bam.bai
    jobid: 4
    wildcards: sample=FAB39075-4246400039_Multi_SQK-LSK108_WA01

Submitted job 4 with external jobid 'Job <3916847> is submitted to default queue <long>.'.
[Fri Aug 21 22:24:38 2020]
Finished job 4.
4 of 7 steps (57%) done

[Fri Aug 21 22:24:38 2020]
rule call_meth:
    input: output/mapped/FAB39075-4246400039_Multi_SQK-LSK108_WA01.sorted.bam, output/mapped/FAB39075-4246400039_Multi_SQK-LSK108_WA01.sorted.bam.bai, GCF_000001405.26_GRCh38_genomic.fna, data/FAB39075-4246400039_Multi_SQK-LSK108_WA01.merged.fq, data/FAB39075-4246400039_Multi_SQK-LSK108_WA01.merged.fq.index, data/FAB39075-4246400039_Multi_SQK-LSK108_WA01.merged.fq.index.fai, data/FAB39075-4246400039_Multi_SQK-LSK108_WA01.merged.fq.index.gzi, data/FAB39075-4246400039_Multi_SQK-LSK108_WA01.merged.fq.index.readdb
    output: output/meth/FAB39075-4246400039_Multi_SQK-LSK108_WA01.meth_calls.tsv
    jobid: 5
    wildcards: sample=FAB39075-4246400039_Multi_SQK-LSK108_WA01

Submitted job 5 with external jobid 'Job <3916848> is submitted to default queue <verylong>.'.
[Sat Aug 22 02:25:40 2020]
Finished job 5.
5 of 7 steps (71%) done

[Sat Aug 22 02:25:40 2020]
rule calc_freq:
    input: output/meth/FAB39075-4246400039_Multi_SQK-LSK108_WA01.meth_calls.tsv
    output: output/meth/FAB39075-4246400039_Multi_SQK-LSK108_WA01.meth_freq.tsv
    jobid: 6
    wildcards: sample=FAB39075-4246400039_Multi_SQK-LSK108_WA01

Submitted job 6 with external jobid 'Job <3917426> is submitted to default queue <long>.'.
[Sat Aug 22 02:28:40 2020]
Finished job 6.
6 of 7 steps (86%) done

[Sat Aug 22 02:28:40 2020]
localrule all:
    input: data/FAB39075-4246400039_Multi_SQK-LSK108_WA01.merged.fq, data/FAB39075-4246400039_Multi_SQK-LSK108_WA01.merged.fq.index, data/FAB39075-4246400039_Multi_SQK-LSK108_WA01.merged.fq.index.gzi, data/FAB39075-4246400039_Multi_SQK-LSK108_WA01.merged.fq.index.fai, data/FAB39075-4246400039_Multi_SQK-LSK108_WA01.merged.fq.index.readdb, output/mapped/FAB39075-4246400039_Multi_SQK-LSK108_WA01.sorted.bam, output/mapped/FAB39075-4246400039_Multi_SQK-LSK108_WA01.sorted.bam.bai, output/meth/FAB39075-4246400039_Multi_SQK-LSK108_WA01.meth_calls.tsv, output/meth/FAB39075-4246400039_Multi_SQK-LSK108_WA01.meth_freq.tsv
    jobid: 0

[Sat Aug 22 02:28:40 2020]
Finished job 0.
7 of 7 steps (100%) done
Complete log: /icgc/dkfzlsdf/analysis/C010/brooks/meth_calling_pipeline/.snakemake/log/2020-08-21T171827.883755.snakemake.log
