Building DAG of jobs...
Using shell: /usr/bin/bash
Provided cluster nodes: 20
Job counts:
	count	jobs
	1	all
	19	calc_freq
	19	call_meth
	19	index_bams
	19	index_reads
	19	merge_fastqs
	19	ngmlr_align
	115

[Wed Sep  9 19:38:50 2020]
rule merge_fastqs:
    input: /icgc/dkfzlsdf/analysis/C010/mayerma/methylation_analysis/fastq/
    output: data/FAF18554-4178920553_Multi_SQK-LSK108_WA01.merged.fq
    jobid: 19
    wildcards: sample=FAF18554-4178920553_Multi_SQK-LSK108_WA01

Submitted job 19 with external jobid 'Job <3991806> is submitted to default queue <medium>.'.

[Wed Sep  9 19:38:50 2020]
rule merge_fastqs:
    input: /icgc/dkfzlsdf/analysis/C010/mayerma/methylation_analysis/fastq/
    output: data/FAB49908-481119249_Multi_SQK-LSK108_WA01.merged.fq
    jobid: 12
    wildcards: sample=FAB49908-481119249_Multi_SQK-LSK108_WA01

Submitted job 12 with external jobid 'Job <3991807> is submitted to default queue <medium>.'.

[Wed Sep  9 19:38:50 2020]
rule merge_fastqs:
    input: /icgc/dkfzlsdf/analysis/C010/mayerma/methylation_analysis/fastq/
    output: data/FAF01127-353303576_Multi_SQK-LSK108_WA01.merged.fq
    jobid: 14
    wildcards: sample=FAF01127-353303576_Multi_SQK-LSK108_WA01

Submitted job 14 with external jobid 'Job <3991808> is submitted to default queue <medium>.'.

[Wed Sep  9 19:38:50 2020]
rule merge_fastqs:
    input: /icgc/dkfzlsdf/analysis/C010/mayerma/methylation_analysis/fastq/
    output: data/FAB39075-4246400039_Multi_SQK-LSK108_WA01.merged.fq
    jobid: 1
    wildcards: sample=FAB39075-4246400039_Multi_SQK-LSK108_WA01

Submitted job 1 with external jobid 'Job <3991809> is submitted to default queue <medium>.'.

[Wed Sep  9 19:38:50 2020]
rule merge_fastqs:
    input: /icgc/dkfzlsdf/analysis/C010/mayerma/methylation_analysis/fastq/
    output: data/FAB49164-4045668814_Multi_SQK-LSK108_WA01.merged.fq
    jobid: 3
    wildcards: sample=FAB49164-4045668814_Multi_SQK-LSK108_WA01

Submitted job 3 with external jobid 'Job <3991810> is submitted to default queue <medium>.'.

[Wed Sep  9 19:38:51 2020]
rule merge_fastqs:
    input: /icgc/dkfzlsdf/analysis/C010/mayerma/methylation_analysis/fastq/
    output: data/FAB42451-4239353418_Multi_SQK-LSK108_WA01.merged.fq
    jobid: 5
    wildcards: sample=FAB42451-4239353418_Multi_SQK-LSK108_WA01

Submitted job 5 with external jobid 'Job <3991811> is submitted to default queue <medium>.'.

[Wed Sep  9 19:38:51 2020]
rule merge_fastqs:
    input: /icgc/dkfzlsdf/analysis/C010/mayerma/methylation_analysis/fastq/
    output: data/FAB44989-2567311907_Multi_SQK-LSK108_WA01.merged.fq
    jobid: 7
    wildcards: sample=FAB44989-2567311907_Multi_SQK-LSK108_WA01

Submitted job 7 with external jobid 'Job <3991812> is submitted to default queue <medium>.'.

[Wed Sep  9 19:38:51 2020]
rule merge_fastqs:
    input: /icgc/dkfzlsdf/analysis/C010/mayerma/methylation_analysis/fastq/
    output: data/FAB45277-86567043_Multi_SQK-LSK108_WA01.merged.fq
    jobid: 9
    wildcards: sample=FAB45277-86567043_Multi_SQK-LSK108_WA01

Submitted job 9 with external jobid 'Job <3991813> is submitted to default queue <medium>.'.

[Wed Sep  9 19:38:51 2020]
rule merge_fastqs:
    input: /icgc/dkfzlsdf/analysis/C010/mayerma/methylation_analysis/fastq/
    output: data/FAB49712-622291475_Multi_SQK-LSK108_WA01.merged.fq
    jobid: 11
    wildcards: sample=FAB49712-622291475_Multi_SQK-LSK108_WA01

Submitted job 11 with external jobid 'Job <3991814> is submitted to default queue <medium>.'.

[Wed Sep  9 19:38:51 2020]
rule merge_fastqs:
    input: /icgc/dkfzlsdf/analysis/C010/mayerma/methylation_analysis/fastq/
    output: data/FAF01169-4245879798_Multi_SQK-LSK108_WA01.merged.fq
    jobid: 16
    wildcards: sample=FAF01169-4245879798_Multi_SQK-LSK108_WA01

Submitted job 16 with external jobid 'Job <3991815> is submitted to default queue <medium>.'.

[Wed Sep  9 19:38:51 2020]
rule merge_fastqs:
    input: /icgc/dkfzlsdf/analysis/C010/mayerma/methylation_analysis/fastq/
    output: data/FAF05869-87644245_Multi_SQK-LSK108_WA01.merged.fq
    jobid: 18
    wildcards: sample=FAF05869-87644245_Multi_SQK-LSK108_WA01

Submitted job 18 with external jobid 'Job <3991816> is submitted to default queue <medium>.'.

[Wed Sep  9 19:38:51 2020]
rule merge_fastqs:
    input: /icgc/dkfzlsdf/analysis/C010/mayerma/methylation_analysis/fastq/
    output: data/FAB49914-3775529215_Multi_SQK-LSK108_WA01.merged.fq
    jobid: 13
    wildcards: sample=FAB49914-3775529215_Multi_SQK-LSK108_WA01

Submitted job 13 with external jobid 'Job <3991817> is submitted to default queue <medium>.'.

[Wed Sep  9 19:38:51 2020]
rule merge_fastqs:
    input: /icgc/dkfzlsdf/analysis/C010/mayerma/methylation_analysis/fastq/
    output: data/FAF01132-84868110_Multi_SQK-LSK108_WA01.merged.fq
    jobid: 15
    wildcards: sample=FAF01132-84868110_Multi_SQK-LSK108_WA01

Submitted job 15 with external jobid 'Job <3991818> is submitted to default queue <medium>.'.

[Wed Sep  9 19:38:51 2020]
rule merge_fastqs:
    input: /icgc/dkfzlsdf/analysis/C010/mayerma/methylation_analysis/fastq/
    output: data/FAB39088-288418386_Multi_SQK-LSK108_WA01.merged.fq
    jobid: 2
    wildcards: sample=FAB39088-288418386_Multi_SQK-LSK108_WA01

Submitted job 2 with external jobid 'Job <3991819> is submitted to default queue <medium>.'.

[Wed Sep  9 19:38:52 2020]
rule merge_fastqs:
    input: /icgc/dkfzlsdf/analysis/C010/mayerma/methylation_analysis/fastq/
    output: data/FAB42316-216722908_Multi_SQK-LSK108_WA01.merged.fq
    jobid: 4
    wildcards: sample=FAB42316-216722908_Multi_SQK-LSK108_WA01

Submitted job 4 with external jobid 'Job <3991820> is submitted to default queue <medium>.'.

[Wed Sep  9 19:38:52 2020]
rule merge_fastqs:
    input: /icgc/dkfzlsdf/analysis/C010/mayerma/methylation_analysis/fastq/
    output: data/FAB42473-4179682758_Multi_SQK-LSK108_WA01.merged.fq
    jobid: 6
    wildcards: sample=FAB42473-4179682758_Multi_SQK-LSK108_WA01

Submitted job 6 with external jobid 'Job <3991821> is submitted to default queue <medium>.'.

[Wed Sep  9 19:38:52 2020]
rule merge_fastqs:
    input: /icgc/dkfzlsdf/analysis/C010/mayerma/methylation_analysis/fastq/
    output: data/FAB45271-152889212_Multi_SQK-LSK108_WA01.merged.fq
    jobid: 8
    wildcards: sample=FAB45271-152889212_Multi_SQK-LSK108_WA01

Submitted job 8 with external jobid 'Job <3991822> is submitted to default queue <medium>.'.

[Wed Sep  9 19:38:53 2020]
rule merge_fastqs:
    input: /icgc/dkfzlsdf/analysis/C010/mayerma/methylation_analysis/fastq/
    output: data/FAB45332-551111640_Multi_SQK-LSK108_WA01.merged.fq
    jobid: 10
    wildcards: sample=FAB45332-551111640_Multi_SQK-LSK108_WA01

Submitted job 10 with external jobid 'Job <3991823> is submitted to default queue <medium>.'.

[Wed Sep  9 19:38:53 2020]
rule merge_fastqs:
    input: /icgc/dkfzlsdf/analysis/C010/mayerma/methylation_analysis/fastq/
    output: data/FAF01253-83756522_Multi_SQK-LSK108_WA01.merged.fq
    jobid: 17
    wildcards: sample=FAF01253-83756522_Multi_SQK-LSK108_WA01

Submitted job 17 with external jobid 'Job <3991824> is submitted to default queue <medium>.'.
[Wed Sep  9 19:41:02 2020]
Finished job 10.
1 of 115 steps (0.87%) done

[Wed Sep  9 19:41:02 2020]
rule index_reads:
    input: /icgc/dkfzlsdf/analysis/C010/mayerma/methylation_analysis/raw/FAB45332-551111640_Multi_SQK-LSK108_WA01/guppy/, data/FAB45332-551111640_Multi_SQK-LSK108_WA01.merged.fq
    output: data/FAB45332-551111640_Multi_SQK-LSK108_WA01.merged.fq.index, data/FAB45332-551111640_Multi_SQK-LSK108_WA01.merged.fq.index.gzi, data/FAB45332-551111640_Multi_SQK-LSK108_WA01.merged.fq.index.fai, data/FAB45332-551111640_Multi_SQK-LSK108_WA01.merged.fq.index.readdb
    jobid: 29
    wildcards: sample=FAB45332-551111640_Multi_SQK-LSK108_WA01

Submitted job 29 with external jobid 'Job <3991825> is submitted to default queue <long>.'.

[Wed Sep  9 19:41:04 2020]
rule ngmlr_align:
    input: GCF_000001405.26_GRCh38_genomic.fna, data/FAB45332-551111640_Multi_SQK-LSK108_WA01.merged.fq
    output: output/mapped/FAB45332-551111640_Multi_SQK-LSK108_WA01.sorted.bam
    jobid: 48
    wildcards: sample=FAB45332-551111640_Multi_SQK-LSK108_WA01

Submitted job 48 with external jobid 'Job <3991826> is submitted to default queue <long>.'.
[Wed Sep  9 19:41:37 2020]
Finished job 17.
2 of 115 steps (2%) done

[Wed Sep  9 19:41:37 2020]
rule index_reads:
    input: /icgc/dkfzlsdf/analysis/C010/mayerma/methylation_analysis/raw/FAF01253-83756522_Multi_SQK-LSK108_WA01/guppy/, data/FAF01253-83756522_Multi_SQK-LSK108_WA01.merged.fq
    output: data/FAF01253-83756522_Multi_SQK-LSK108_WA01.merged.fq.index, data/FAF01253-83756522_Multi_SQK-LSK108_WA01.merged.fq.index.gzi, data/FAF01253-83756522_Multi_SQK-LSK108_WA01.merged.fq.index.fai, data/FAF01253-83756522_Multi_SQK-LSK108_WA01.merged.fq.index.readdb
    jobid: 36
    wildcards: sample=FAF01253-83756522_Multi_SQK-LSK108_WA01

Submitted job 36 with external jobid 'Job <3991827> is submitted to default queue <long>.'.
[Wed Sep  9 19:42:12 2020]
Finished job 16.
3 of 115 steps (3%) done

[Wed Sep  9 19:42:12 2020]
rule ngmlr_align:
    input: GCF_000001405.26_GRCh38_genomic.fna, data/FAF01253-83756522_Multi_SQK-LSK108_WA01.merged.fq
    output: output/mapped/FAF01253-83756522_Multi_SQK-LSK108_WA01.sorted.bam
    jobid: 55
    wildcards: sample=FAF01253-83756522_Multi_SQK-LSK108_WA01

Submitted job 55 with external jobid 'Job <3991829> is submitted to default queue <long>.'.
[Wed Sep  9 19:42:25 2020]
Finished job 18.
4 of 115 steps (3%) done

[Wed Sep  9 19:42:25 2020]
rule ngmlr_align:
    input: GCF_000001405.26_GRCh38_genomic.fna, data/FAF05869-87644245_Multi_SQK-LSK108_WA01.merged.fq
    output: output/mapped/FAF05869-87644245_Multi_SQK-LSK108_WA01.sorted.bam
    jobid: 56
    wildcards: sample=FAF05869-87644245_Multi_SQK-LSK108_WA01

Submitted job 56 with external jobid 'Job <3991830> is submitted to default queue <long>.'.
[Wed Sep  9 19:43:00 2020]
Finished job 11.
5 of 115 steps (4%) done

[Wed Sep  9 19:43:00 2020]
rule ngmlr_align:
    input: GCF_000001405.26_GRCh38_genomic.fna, data/FAF01169-4245879798_Multi_SQK-LSK108_WA01.merged.fq
    output: output/mapped/FAF01169-4245879798_Multi_SQK-LSK108_WA01.sorted.bam
    jobid: 54
    wildcards: sample=FAF01169-4245879798_Multi_SQK-LSK108_WA01

Submitted job 54 with external jobid 'Job <3991832> is submitted to default queue <long>.'.
[Wed Sep  9 19:44:48 2020]
Finished job 19.
6 of 115 steps (5%) done
[Wed Sep  9 19:44:48 2020]
Finished job 1.
7 of 115 steps (6%) done
[Wed Sep  9 19:44:48 2020]
Finished job 9.
8 of 115 steps (7%) done

[Wed Sep  9 19:44:48 2020]
rule ngmlr_align:
    input: GCF_000001405.26_GRCh38_genomic.fna, data/FAB49712-622291475_Multi_SQK-LSK108_WA01.merged.fq
    output: output/mapped/FAB49712-622291475_Multi_SQK-LSK108_WA01.sorted.bam
    jobid: 49
    wildcards: sample=FAB49712-622291475_Multi_SQK-LSK108_WA01

Submitted job 49 with external jobid 'Job <3991848> is submitted to default queue <long>.'.

[Wed Sep  9 19:44:49 2020]
rule index_reads:
    input: /icgc/dkfzlsdf/analysis/C010/mayerma/methylation_analysis/raw/FAF01169-4245879798_Multi_SQK-LSK108_WA01/guppy/, data/FAF01169-4245879798_Multi_SQK-LSK108_WA01.merged.fq
    output: data/FAF01169-4245879798_Multi_SQK-LSK108_WA01.merged.fq.index, data/FAF01169-4245879798_Multi_SQK-LSK108_WA01.merged.fq.index.gzi, data/FAF01169-4245879798_Multi_SQK-LSK108_WA01.merged.fq.index.fai, data/FAF01169-4245879798_Multi_SQK-LSK108_WA01.merged.fq.index.readdb
    jobid: 35
    wildcards: sample=FAF01169-4245879798_Multi_SQK-LSK108_WA01

Submitted job 35 with external jobid 'Job <3991849> is submitted to default queue <long>.'.

[Wed Sep  9 19:44:49 2020]
rule index_reads:
    input: /icgc/dkfzlsdf/analysis/C010/mayerma/methylation_analysis/raw/FAB39075-4246400039_Multi_SQK-LSK108_WA01/guppy/, data/FAB39075-4246400039_Multi_SQK-LSK108_WA01.merged.fq
    output: data/FAB39075-4246400039_Multi_SQK-LSK108_WA01.merged.fq.index, data/FAB39075-4246400039_Multi_SQK-LSK108_WA01.merged.fq.index.gzi, data/FAB39075-4246400039_Multi_SQK-LSK108_WA01.merged.fq.index.fai, data/FAB39075-4246400039_Multi_SQK-LSK108_WA01.merged.fq.index.readdb
    jobid: 20
    wildcards: sample=FAB39075-4246400039_Multi_SQK-LSK108_WA01

Submitted job 20 with external jobid 'Job <3991850> is submitted to default queue <long>.'.
[Wed Sep  9 19:44:49 2020]
Finished job 13.
9 of 115 steps (8%) done

[Wed Sep  9 19:44:49 2020]
rule ngmlr_align:
    input: GCF_000001405.26_GRCh38_genomic.fna, data/FAB45277-86567043_Multi_SQK-LSK108_WA01.merged.fq
    output: output/mapped/FAB45277-86567043_Multi_SQK-LSK108_WA01.sorted.bam
    jobid: 47
    wildcards: sample=FAB45277-86567043_Multi_SQK-LSK108_WA01

Submitted job 47 with external jobid 'Job <3991851> is submitted to default queue <long>.'.
[Wed Sep  9 19:45:00 2020]
Finished job 12.
10 of 115 steps (9%) done

[Wed Sep  9 19:45:01 2020]
rule ngmlr_align:
    input: GCF_000001405.26_GRCh38_genomic.fna, data/FAB39075-4246400039_Multi_SQK-LSK108_WA01.merged.fq
    output: output/mapped/FAB39075-4246400039_Multi_SQK-LSK108_WA01.sorted.bam
    jobid: 39
    wildcards: sample=FAB39075-4246400039_Multi_SQK-LSK108_WA01

Submitted job 39 with external jobid 'Job <3991852> is submitted to default queue <long>.'.
[Wed Sep  9 19:45:37 2020]
Finished job 6.
11 of 115 steps (10%) done

[Wed Sep  9 19:45:37 2020]
rule ngmlr_align:
    input: GCF_000001405.26_GRCh38_genomic.fna, data/FAB42473-4179682758_Multi_SQK-LSK108_WA01.merged.fq
    output: output/mapped/FAB42473-4179682758_Multi_SQK-LSK108_WA01.sorted.bam
    jobid: 44
    wildcards: sample=FAB42473-4179682758_Multi_SQK-LSK108_WA01

Submitted job 44 with external jobid 'Job <3991854> is submitted to default queue <long>.'.
[Wed Sep  9 19:46:00 2020]
Finished job 14.
12 of 115 steps (10%) done
[Wed Sep  9 19:46:00 2020]
Finished job 3.
13 of 115 steps (11%) done

[Wed Sep  9 19:46:00 2020]
rule ngmlr_align:
    input: GCF_000001405.26_GRCh38_genomic.fna, data/FAF01127-353303576_Multi_SQK-LSK108_WA01.merged.fq
    output: output/mapped/FAF01127-353303576_Multi_SQK-LSK108_WA01.sorted.bam
    jobid: 52
    wildcards: sample=FAF01127-353303576_Multi_SQK-LSK108_WA01

[Wed Sep  9 19:46:00 2020]
Finished job 5.
14 of 115 steps (12%) done
Submitted job 52 with external jobid 'Job <3991856> is submitted to default queue <long>.'.

[Wed Sep  9 19:46:01 2020]
rule index_reads:
    input: /icgc/dkfzlsdf/analysis/C010/mayerma/methylation_analysis/raw/FAB42451-4239353418_Multi_SQK-LSK108_WA01/guppy/, data/FAB42451-4239353418_Multi_SQK-LSK108_WA01.merged.fq
    output: data/FAB42451-4239353418_Multi_SQK-LSK108_WA01.merged.fq.index, data/FAB42451-4239353418_Multi_SQK-LSK108_WA01.merged.fq.index.gzi, data/FAB42451-4239353418_Multi_SQK-LSK108_WA01.merged.fq.index.fai, data/FAB42451-4239353418_Multi_SQK-LSK108_WA01.merged.fq.index.readdb
    jobid: 24
    wildcards: sample=FAB42451-4239353418_Multi_SQK-LSK108_WA01

Submitted job 24 with external jobid 'Job <3991857> is submitted to default queue <long>.'.

[Wed Sep  9 19:46:01 2020]
rule index_reads:
    input: /icgc/dkfzlsdf/analysis/C010/mayerma/methylation_analysis/raw/FAB49914-3775529215_Multi_SQK-LSK108_WA01/guppy/, data/FAB49914-3775529215_Multi_SQK-LSK108_WA01.merged.fq
    output: data/FAB49914-3775529215_Multi_SQK-LSK108_WA01.merged.fq.index, data/FAB49914-3775529215_Multi_SQK-LSK108_WA01.merged.fq.index.gzi, data/FAB49914-3775529215_Multi_SQK-LSK108_WA01.merged.fq.index.fai, data/FAB49914-3775529215_Multi_SQK-LSK108_WA01.merged.fq.index.readdb
    jobid: 32
    wildcards: sample=FAB49914-3775529215_Multi_SQK-LSK108_WA01

Submitted job 32 with external jobid 'Job <3991858> is submitted to default queue <long>.'.
[Wed Sep  9 19:46:01 2020]
Finished job 2.
15 of 115 steps (13%) done
[Wed Sep  9 19:46:01 2020]
Finished job 4.
16 of 115 steps (14%) done
[Wed Sep  9 19:46:01 2020]
Finished job 8.
17 of 115 steps (15%) done

[Wed Sep  9 19:46:01 2020]
rule ngmlr_align:
    input: GCF_000001405.26_GRCh38_genomic.fna, data/FAB49914-3775529215_Multi_SQK-LSK108_WA01.merged.fq
    output: output/mapped/FAB49914-3775529215_Multi_SQK-LSK108_WA01.sorted.bam
    jobid: 51
    wildcards: sample=FAB49914-3775529215_Multi_SQK-LSK108_WA01

Submitted job 51 with external jobid 'Job <3991859> is submitted to default queue <long>.'.

[Wed Sep  9 19:46:02 2020]
rule ngmlr_align:
    input: GCF_000001405.26_GRCh38_genomic.fna, data/FAB49908-481119249_Multi_SQK-LSK108_WA01.merged.fq
    output: output/mapped/FAB49908-481119249_Multi_SQK-LSK108_WA01.sorted.bam
    jobid: 50
    wildcards: sample=FAB49908-481119249_Multi_SQK-LSK108_WA01

Submitted job 50 with external jobid 'Job <3991860> is submitted to default queue <long>.'.

[Wed Sep  9 19:46:02 2020]
rule ngmlr_align:
    input: GCF_000001405.26_GRCh38_genomic.fna, data/FAB42451-4239353418_Multi_SQK-LSK108_WA01.merged.fq
    output: output/mapped/FAB42451-4239353418_Multi_SQK-LSK108_WA01.sorted.bam
    jobid: 43
    wildcards: sample=FAB42451-4239353418_Multi_SQK-LSK108_WA01

Submitted job 43 with external jobid 'Job <3991861> is submitted to default queue <long>.'.
[Wed Sep  9 19:46:12 2020]
Finished job 7.
18 of 115 steps (16%) done

[Wed Sep  9 19:46:12 2020]
rule index_reads:
    input: /icgc/dkfzlsdf/analysis/C010/mayerma/methylation_analysis/raw/FAB42316-216722908_Multi_SQK-LSK108_WA01/guppy/, data/FAB42316-216722908_Multi_SQK-LSK108_WA01.merged.fq
    output: data/FAB42316-216722908_Multi_SQK-LSK108_WA01.merged.fq.index, data/FAB42316-216722908_Multi_SQK-LSK108_WA01.merged.fq.index.gzi, data/FAB42316-216722908_Multi_SQK-LSK108_WA01.merged.fq.index.fai, data/FAB42316-216722908_Multi_SQK-LSK108_WA01.merged.fq.index.readdb
    jobid: 23
    wildcards: sample=FAB42316-216722908_Multi_SQK-LSK108_WA01

Submitted job 23 with external jobid 'Job <3991862> is submitted to default queue <long>.'.
[Wed Sep  9 19:46:25 2020]
Finished job 15.
19 of 115 steps (17%) done

[Wed Sep  9 19:46:25 2020]
rule index_reads:
    input: /icgc/dkfzlsdf/analysis/C010/mayerma/methylation_analysis/raw/FAF18554-4178920553_Multi_SQK-LSK108_WA01/guppy/, data/FAF18554-4178920553_Multi_SQK-LSK108_WA01.merged.fq
    output: data/FAF18554-4178920553_Multi_SQK-LSK108_WA01.merged.fq.index, data/FAF18554-4178920553_Multi_SQK-LSK108_WA01.merged.fq.index.gzi, data/FAF18554-4178920553_Multi_SQK-LSK108_WA01.merged.fq.index.fai, data/FAF18554-4178920553_Multi_SQK-LSK108_WA01.merged.fq.index.readdb
    jobid: 38
    wildcards: sample=FAF18554-4178920553_Multi_SQK-LSK108_WA01

Submitted job 38 with external jobid 'Job <3991864> is submitted to default queue <long>.'.
[Wed Sep  9 20:11:39 2020]
Finished job 35.
20 of 115 steps (17%) done

[Wed Sep  9 20:11:40 2020]
rule index_reads:
    input: /icgc/dkfzlsdf/analysis/C010/mayerma/methylation_analysis/raw/FAB49908-481119249_Multi_SQK-LSK108_WA01/guppy/, data/FAB49908-481119249_Multi_SQK-LSK108_WA01.merged.fq
    output: data/FAB49908-481119249_Multi_SQK-LSK108_WA01.merged.fq.index, data/FAB49908-481119249_Multi_SQK-LSK108_WA01.merged.fq.index.gzi, data/FAB49908-481119249_Multi_SQK-LSK108_WA01.merged.fq.index.fai, data/FAB49908-481119249_Multi_SQK-LSK108_WA01.merged.fq.index.readdb
    jobid: 31
    wildcards: sample=FAB49908-481119249_Multi_SQK-LSK108_WA01

Submitted job 31 with external jobid 'Job <3991878> is submitted to default queue <long>.'.
[Wed Sep  9 20:14:28 2020]
Finished job 32.
21 of 115 steps (18%) done

[Wed Sep  9 20:14:28 2020]
rule index_reads:
    input: /icgc/dkfzlsdf/analysis/C010/mayerma/methylation_analysis/raw/FAB42473-4179682758_Multi_SQK-LSK108_WA01/guppy/, data/FAB42473-4179682758_Multi_SQK-LSK108_WA01.merged.fq
    output: data/FAB42473-4179682758_Multi_SQK-LSK108_WA01.merged.fq.index, data/FAB42473-4179682758_Multi_SQK-LSK108_WA01.merged.fq.index.gzi, data/FAB42473-4179682758_Multi_SQK-LSK108_WA01.merged.fq.index.fai, data/FAB42473-4179682758_Multi_SQK-LSK108_WA01.merged.fq.index.readdb
    jobid: 25
    wildcards: sample=FAB42473-4179682758_Multi_SQK-LSK108_WA01

Submitted job 25 with external jobid 'Job <3991881> is submitted to default queue <long>.'.
[Wed Sep  9 20:17:17 2020]
Finished job 29.
22 of 115 steps (19%) done

[Wed Sep  9 20:17:17 2020]
rule index_reads:
    input: /icgc/dkfzlsdf/analysis/C010/mayerma/methylation_analysis/raw/FAF01127-353303576_Multi_SQK-LSK108_WA01/guppy/, data/FAF01127-353303576_Multi_SQK-LSK108_WA01.merged.fq
    output: data/FAF01127-353303576_Multi_SQK-LSK108_WA01.merged.fq.index, data/FAF01127-353303576_Multi_SQK-LSK108_WA01.merged.fq.index.gzi, data/FAF01127-353303576_Multi_SQK-LSK108_WA01.merged.fq.index.fai, data/FAF01127-353303576_Multi_SQK-LSK108_WA01.merged.fq.index.readdb
    jobid: 33
    wildcards: sample=FAF01127-353303576_Multi_SQK-LSK108_WA01

Submitted job 33 with external jobid 'Job <3991882> is submitted to default queue <long>.'.
[Wed Sep  9 20:19:28 2020]
Finished job 20.
23 of 115 steps (20%) done

[Wed Sep  9 20:19:28 2020]
rule ngmlr_align:
    input: GCF_000001405.26_GRCh38_genomic.fna, data/FAF01132-84868110_Multi_SQK-LSK108_WA01.merged.fq
    output: output/mapped/FAF01132-84868110_Multi_SQK-LSK108_WA01.sorted.bam
    jobid: 53
    wildcards: sample=FAF01132-84868110_Multi_SQK-LSK108_WA01

Submitted job 53 with external jobid 'Job <3991883> is submitted to default queue <long>.'.
[Wed Sep  9 20:21:17 2020]
Finished job 36.
24 of 115 steps (21%) done

[Wed Sep  9 20:21:17 2020]
rule ngmlr_align:
    input: GCF_000001405.26_GRCh38_genomic.fna, data/FAB45271-152889212_Multi_SQK-LSK108_WA01.merged.fq
    output: output/mapped/FAB45271-152889212_Multi_SQK-LSK108_WA01.sorted.bam
    jobid: 46
    wildcards: sample=FAB45271-152889212_Multi_SQK-LSK108_WA01

Submitted job 46 with external jobid 'Job <3991884> is submitted to default queue <long>.'.
[Wed Sep  9 20:24:28 2020]
Finished job 23.
25 of 115 steps (22%) done

[Wed Sep  9 20:24:28 2020]
rule ngmlr_align:
    input: GCF_000001405.26_GRCh38_genomic.fna, data/FAB39088-288418386_Multi_SQK-LSK108_WA01.merged.fq
    output: output/mapped/FAB39088-288418386_Multi_SQK-LSK108_WA01.sorted.bam
    jobid: 40
    wildcards: sample=FAB39088-288418386_Multi_SQK-LSK108_WA01

Submitted job 40 with external jobid 'Job <3991885> is submitted to default queue <long>.'.
[Wed Sep  9 20:28:18 2020]
Error in rule ngmlr_align:
    jobid: 44
    output: output/mapped/FAB42473-4179682758_Multi_SQK-LSK108_WA01.sorted.bam
    shell:
        ngmlr -t 10 -r GCF_000001405.26_GRCh38_genomic.fna -q data/FAB42473-4179682758_Multi_SQK-LSK108_WA01.merged.fq -x ont | samtools sort -T tmp -o output/mapped/FAB42473-4179682758_Multi_SQK-LSK108_WA01.sorted.bam
        (one of the commands exited with non-zero exit code; note that snakemake uses bash strict mode!)
    cluster_jobid: Job <3991854> is submitted to default queue <long>.

Error executing rule ngmlr_align on cluster (jobid: 44, external: Job <3991854> is submitted to default queue <long>., jobscript: /icgc/dkfzlsdf/analysis/C010/brooks/meth_calling_pipeline/.snakemake/tmp.q62w7oi5/snakejob.ngmlr_align.44.sh). For error details see the cluster log and the log files of the involved rule(s).
Job failed, going on with independent jobs.

[Wed Sep  9 20:28:18 2020]
rule ngmlr_align:
    input: GCF_000001405.26_GRCh38_genomic.fna, data/FAB49164-4045668814_Multi_SQK-LSK108_WA01.merged.fq
    output: output/mapped/FAB49164-4045668814_Multi_SQK-LSK108_WA01.sorted.bam
    jobid: 41
    wildcards: sample=FAB49164-4045668814_Multi_SQK-LSK108_WA01

Submitted job 41 with external jobid 'Job <3991886> is submitted to default queue <long>.'.
[Wed Sep  9 20:29:29 2020]
Error in rule ngmlr_align:
    jobid: 39
    output: output/mapped/FAB39075-4246400039_Multi_SQK-LSK108_WA01.sorted.bam
    shell:
        ngmlr -t 10 -r GCF_000001405.26_GRCh38_genomic.fna -q data/FAB39075-4246400039_Multi_SQK-LSK108_WA01.merged.fq -x ont | samtools sort -T tmp -o output/mapped/FAB39075-4246400039_Multi_SQK-LSK108_WA01.sorted.bam
        (one of the commands exited with non-zero exit code; note that snakemake uses bash strict mode!)
    cluster_jobid: Job <3991852> is submitted to default queue <long>.

Error executing rule ngmlr_align on cluster (jobid: 39, external: Job <3991852> is submitted to default queue <long>., jobscript: /icgc/dkfzlsdf/analysis/C010/brooks/meth_calling_pipeline/.snakemake/tmp.q62w7oi5/snakejob.ngmlr_align.39.sh). For error details see the cluster log and the log files of the involved rule(s).
Job failed, going on with independent jobs.

[Wed Sep  9 20:29:29 2020]
rule ngmlr_align:
    input: GCF_000001405.26_GRCh38_genomic.fna, data/FAB44989-2567311907_Multi_SQK-LSK108_WA01.merged.fq
    output: output/mapped/FAB44989-2567311907_Multi_SQK-LSK108_WA01.sorted.bam
    jobid: 45
    wildcards: sample=FAB44989-2567311907_Multi_SQK-LSK108_WA01

Submitted job 45 with external jobid 'Job <3991887> is submitted to default queue <long>.'.
[Wed Sep  9 20:33:18 2020]
Error in rule ngmlr_align:
    jobid: 48
    output: output/mapped/FAB45332-551111640_Multi_SQK-LSK108_WA01.sorted.bam
    shell:
        ngmlr -t 10 -r GCF_000001405.26_GRCh38_genomic.fna -q data/FAB45332-551111640_Multi_SQK-LSK108_WA01.merged.fq -x ont | samtools sort -T tmp -o output/mapped/FAB45332-551111640_Multi_SQK-LSK108_WA01.sorted.bam
        (one of the commands exited with non-zero exit code; note that snakemake uses bash strict mode!)
    cluster_jobid: Job <3991826> is submitted to default queue <long>.

Error executing rule ngmlr_align on cluster (jobid: 48, external: Job <3991826> is submitted to default queue <long>., jobscript: /icgc/dkfzlsdf/analysis/C010/brooks/meth_calling_pipeline/.snakemake/tmp.q62w7oi5/snakejob.ngmlr_align.48.sh). For error details see the cluster log and the log files of the involved rule(s).
Job failed, going on with independent jobs.

[Wed Sep  9 20:33:18 2020]
rule ngmlr_align:
    input: GCF_000001405.26_GRCh38_genomic.fna, data/FAF18554-4178920553_Multi_SQK-LSK108_WA01.merged.fq
    output: output/mapped/FAF18554-4178920553_Multi_SQK-LSK108_WA01.sorted.bam
    jobid: 57
    wildcards: sample=FAF18554-4178920553_Multi_SQK-LSK108_WA01

Submitted job 57 with external jobid 'Job <3991889> is submitted to default queue <long>.'.
[Wed Sep  9 20:34:30 2020]
Finished job 38.
26 of 115 steps (23%) done

[Wed Sep  9 20:34:30 2020]
rule ngmlr_align:
    input: GCF_000001405.26_GRCh38_genomic.fna, data/FAB42316-216722908_Multi_SQK-LSK108_WA01.merged.fq
    output: output/mapped/FAB42316-216722908_Multi_SQK-LSK108_WA01.sorted.bam
    jobid: 42
    wildcards: sample=FAB42316-216722908_Multi_SQK-LSK108_WA01

Submitted job 42 with external jobid 'Job <3991890> is submitted to default queue <long>.'.
[Wed Sep  9 20:36:41 2020]
Error in rule ngmlr_align:
    jobid: 55
    output: output/mapped/FAF01253-83756522_Multi_SQK-LSK108_WA01.sorted.bam
    shell:
        ngmlr -t 10 -r GCF_000001405.26_GRCh38_genomic.fna -q data/FAF01253-83756522_Multi_SQK-LSK108_WA01.merged.fq -x ont | samtools sort -T tmp -o output/mapped/FAF01253-83756522_Multi_SQK-LSK108_WA01.sorted.bam
        (one of the commands exited with non-zero exit code; note that snakemake uses bash strict mode!)
    cluster_jobid: Job <3991829> is submitted to default queue <long>.

Error executing rule ngmlr_align on cluster (jobid: 55, external: Job <3991829> is submitted to default queue <long>., jobscript: /icgc/dkfzlsdf/analysis/C010/brooks/meth_calling_pipeline/.snakemake/tmp.q62w7oi5/snakejob.ngmlr_align.55.sh). For error details see the cluster log and the log files of the involved rule(s).
Job failed, going on with independent jobs.

[Wed Sep  9 20:36:41 2020]
rule index_reads:
    input: /icgc/dkfzlsdf/analysis/C010/mayerma/methylation_analysis/raw/FAF01132-84868110_Multi_SQK-LSK108_WA01/guppy/, data/FAF01132-84868110_Multi_SQK-LSK108_WA01.merged.fq
    output: data/FAF01132-84868110_Multi_SQK-LSK108_WA01.merged.fq.index, data/FAF01132-84868110_Multi_SQK-LSK108_WA01.merged.fq.index.gzi, data/FAF01132-84868110_Multi_SQK-LSK108_WA01.merged.fq.index.fai, data/FAF01132-84868110_Multi_SQK-LSK108_WA01.merged.fq.index.readdb
    jobid: 34
    wildcards: sample=FAF01132-84868110_Multi_SQK-LSK108_WA01

Submitted job 34 with external jobid 'Job <3991892> is submitted to default queue <long>.'.
[Wed Sep  9 20:39:29 2020]
Error in rule ngmlr_align:
    jobid: 52
    output: output/mapped/FAF01127-353303576_Multi_SQK-LSK108_WA01.sorted.bam
    shell:
        ngmlr -t 10 -r GCF_000001405.26_GRCh38_genomic.fna -q data/FAF01127-353303576_Multi_SQK-LSK108_WA01.merged.fq -x ont | samtools sort -T tmp -o output/mapped/FAF01127-353303576_Multi_SQK-LSK108_WA01.sorted.bam
        (one of the commands exited with non-zero exit code; note that snakemake uses bash strict mode!)
    cluster_jobid: Job <3991856> is submitted to default queue <long>.

Error executing rule ngmlr_align on cluster (jobid: 52, external: Job <3991856> is submitted to default queue <long>., jobscript: /icgc/dkfzlsdf/analysis/C010/brooks/meth_calling_pipeline/.snakemake/tmp.q62w7oi5/snakejob.ngmlr_align.52.sh). For error details see the cluster log and the log files of the involved rule(s).
Job failed, going on with independent jobs.

[Wed Sep  9 20:39:29 2020]
rule index_reads:
    input: /icgc/dkfzlsdf/analysis/C010/mayerma/methylation_analysis/raw/FAB44989-2567311907_Multi_SQK-LSK108_WA01/guppy/, data/FAB44989-2567311907_Multi_SQK-LSK108_WA01.merged.fq
    output: data/FAB44989-2567311907_Multi_SQK-LSK108_WA01.merged.fq.index, data/FAB44989-2567311907_Multi_SQK-LSK108_WA01.merged.fq.index.gzi, data/FAB44989-2567311907_Multi_SQK-LSK108_WA01.merged.fq.index.fai, data/FAB44989-2567311907_Multi_SQK-LSK108_WA01.merged.fq.index.readdb
    jobid: 26
    wildcards: sample=FAB44989-2567311907_Multi_SQK-LSK108_WA01

Submitted job 26 with external jobid 'Job <3991895> is submitted to default queue <long>.'.
[Wed Sep  9 20:39:41 2020]
Finished job 24.
27 of 115 steps (23%) done

[Wed Sep  9 20:39:41 2020]
rule index_reads:
    input: /icgc/dkfzlsdf/analysis/C010/mayerma/methylation_analysis/raw/FAB49712-622291475_Multi_SQK-LSK108_WA01/guppy/, data/FAB49712-622291475_Multi_SQK-LSK108_WA01.merged.fq
    output: data/FAB49712-622291475_Multi_SQK-LSK108_WA01.merged.fq.index, data/FAB49712-622291475_Multi_SQK-LSK108_WA01.merged.fq.index.gzi, data/FAB49712-622291475_Multi_SQK-LSK108_WA01.merged.fq.index.fai, data/FAB49712-622291475_Multi_SQK-LSK108_WA01.merged.fq.index.readdb
    jobid: 30
    wildcards: sample=FAB49712-622291475_Multi_SQK-LSK108_WA01

Submitted job 30 with external jobid 'Job <3991896> is submitted to default queue <long>.'.
[Wed Sep  9 20:41:29 2020]
Finished job 31.
28 of 115 steps (24%) done

[Wed Sep  9 20:41:29 2020]
rule index_reads:
    input: /icgc/dkfzlsdf/analysis/C010/mayerma/methylation_analysis/raw/FAB49164-4045668814_Multi_SQK-LSK108_WA01/guppy/, data/FAB49164-4045668814_Multi_SQK-LSK108_WA01.merged.fq
    output: data/FAB49164-4045668814_Multi_SQK-LSK108_WA01.merged.fq.index, data/FAB49164-4045668814_Multi_SQK-LSK108_WA01.merged.fq.index.gzi, data/FAB49164-4045668814_Multi_SQK-LSK108_WA01.merged.fq.index.fai, data/FAB49164-4045668814_Multi_SQK-LSK108_WA01.merged.fq.index.readdb
    jobid: 22
    wildcards: sample=FAB49164-4045668814_Multi_SQK-LSK108_WA01

Submitted job 22 with external jobid 'Job <3991897> is submitted to default queue <long>.'.
[Wed Sep  9 20:47:18 2020]
Error in rule ngmlr_align:
    jobid: 54
    output: output/mapped/FAF01169-4245879798_Multi_SQK-LSK108_WA01.sorted.bam
    shell:
        ngmlr -t 10 -r GCF_000001405.26_GRCh38_genomic.fna -q data/FAF01169-4245879798_Multi_SQK-LSK108_WA01.merged.fq -x ont | samtools sort -T tmp -o output/mapped/FAF01169-4245879798_Multi_SQK-LSK108_WA01.sorted.bam
        (one of the commands exited with non-zero exit code; note that snakemake uses bash strict mode!)
    cluster_jobid: Job <3991832> is submitted to default queue <long>.

Error executing rule ngmlr_align on cluster (jobid: 54, external: Job <3991832> is submitted to default queue <long>., jobscript: /icgc/dkfzlsdf/analysis/C010/brooks/meth_calling_pipeline/.snakemake/tmp.q62w7oi5/snakejob.ngmlr_align.54.sh). For error details see the cluster log and the log files of the involved rule(s).
Job failed, going on with independent jobs.

[Wed Sep  9 20:47:18 2020]
rule index_reads:
    input: /icgc/dkfzlsdf/analysis/C010/mayerma/methylation_analysis/raw/FAF05869-87644245_Multi_SQK-LSK108_WA01/guppy/, data/FAF05869-87644245_Multi_SQK-LSK108_WA01.merged.fq
    output: data/FAF05869-87644245_Multi_SQK-LSK108_WA01.merged.fq.index, data/FAF05869-87644245_Multi_SQK-LSK108_WA01.merged.fq.index.gzi, data/FAF05869-87644245_Multi_SQK-LSK108_WA01.merged.fq.index.fai, data/FAF05869-87644245_Multi_SQK-LSK108_WA01.merged.fq.index.readdb
    jobid: 37
    wildcards: sample=FAF05869-87644245_Multi_SQK-LSK108_WA01

Submitted job 37 with external jobid 'Job <3991900> is submitted to default queue <long>.'.
[Wed Sep  9 20:50:30 2020]
Error in rule ngmlr_align:
    jobid: 49
    output: output/mapped/FAB49712-622291475_Multi_SQK-LSK108_WA01.sorted.bam
    shell:
        ngmlr -t 10 -r GCF_000001405.26_GRCh38_genomic.fna -q data/FAB49712-622291475_Multi_SQK-LSK108_WA01.merged.fq -x ont | samtools sort -T tmp -o output/mapped/FAB49712-622291475_Multi_SQK-LSK108_WA01.sorted.bam
        (one of the commands exited with non-zero exit code; note that snakemake uses bash strict mode!)
    cluster_jobid: Job <3991848> is submitted to default queue <long>.

Error executing rule ngmlr_align on cluster (jobid: 49, external: Job <3991848> is submitted to default queue <long>., jobscript: /icgc/dkfzlsdf/analysis/C010/brooks/meth_calling_pipeline/.snakemake/tmp.q62w7oi5/snakejob.ngmlr_align.49.sh). For error details see the cluster log and the log files of the involved rule(s).
Job failed, going on with independent jobs.

[Wed Sep  9 20:50:30 2020]
rule index_reads:
    input: /icgc/dkfzlsdf/analysis/C010/mayerma/methylation_analysis/raw/FAB39088-288418386_Multi_SQK-LSK108_WA01/guppy/, data/FAB39088-288418386_Multi_SQK-LSK108_WA01.merged.fq
    output: data/FAB39088-288418386_Multi_SQK-LSK108_WA01.merged.fq.index, data/FAB39088-288418386_Multi_SQK-LSK108_WA01.merged.fq.index.gzi, data/FAB39088-288418386_Multi_SQK-LSK108_WA01.merged.fq.index.fai, data/FAB39088-288418386_Multi_SQK-LSK108_WA01.merged.fq.index.readdb
    jobid: 21
    wildcards: sample=FAB39088-288418386_Multi_SQK-LSK108_WA01

Submitted job 21 with external jobid 'Job <3991901> is submitted to default queue <long>.'.
[Wed Sep  9 20:56:19 2020]
Error in rule ngmlr_align:
    jobid: 51
    output: output/mapped/FAB49914-3775529215_Multi_SQK-LSK108_WA01.sorted.bam
    shell:
        ngmlr -t 10 -r GCF_000001405.26_GRCh38_genomic.fna -q data/FAB49914-3775529215_Multi_SQK-LSK108_WA01.merged.fq -x ont | samtools sort -T tmp -o output/mapped/FAB49914-3775529215_Multi_SQK-LSK108_WA01.sorted.bam
        (one of the commands exited with non-zero exit code; note that snakemake uses bash strict mode!)
    cluster_jobid: Job <3991859> is submitted to default queue <long>.

Error executing rule ngmlr_align on cluster (jobid: 51, external: Job <3991859> is submitted to default queue <long>., jobscript: /icgc/dkfzlsdf/analysis/C010/brooks/meth_calling_pipeline/.snakemake/tmp.q62w7oi5/snakejob.ngmlr_align.51.sh). For error details see the cluster log and the log files of the involved rule(s).
Job failed, going on with independent jobs.

[Wed Sep  9 20:56:19 2020]
rule index_reads:
    input: /icgc/dkfzlsdf/analysis/C010/mayerma/methylation_analysis/raw/FAB45271-152889212_Multi_SQK-LSK108_WA01/guppy/, data/FAB45271-152889212_Multi_SQK-LSK108_WA01.merged.fq
    output: data/FAB45271-152889212_Multi_SQK-LSK108_WA01.merged.fq.index, data/FAB45271-152889212_Multi_SQK-LSK108_WA01.merged.fq.index.gzi, data/FAB45271-152889212_Multi_SQK-LSK108_WA01.merged.fq.index.fai, data/FAB45271-152889212_Multi_SQK-LSK108_WA01.merged.fq.index.readdb
    jobid: 27
    wildcards: sample=FAB45271-152889212_Multi_SQK-LSK108_WA01

Submitted job 27 with external jobid 'Job <3991902> is submitted to default queue <long>.'.
[Wed Sep  9 20:58:31 2020]
Finished job 25.
29 of 115 steps (25%) done

[Wed Sep  9 20:58:31 2020]
rule index_reads:
    input: /icgc/dkfzlsdf/analysis/C010/mayerma/methylation_analysis/raw/FAB45277-86567043_Multi_SQK-LSK108_WA01/guppy/, data/FAB45277-86567043_Multi_SQK-LSK108_WA01.merged.fq
    output: data/FAB45277-86567043_Multi_SQK-LSK108_WA01.merged.fq.index, data/FAB45277-86567043_Multi_SQK-LSK108_WA01.merged.fq.index.gzi, data/FAB45277-86567043_Multi_SQK-LSK108_WA01.merged.fq.index.fai, data/FAB45277-86567043_Multi_SQK-LSK108_WA01.merged.fq.index.readdb
    jobid: 28
    wildcards: sample=FAB45277-86567043_Multi_SQK-LSK108_WA01

Submitted job 28 with external jobid 'Job <3991903> is submitted to default queue <long>.'.
[Wed Sep  9 21:01:19 2020]
Error in rule ngmlr_align:
    jobid: 40
    output: output/mapped/FAB39088-288418386_Multi_SQK-LSK108_WA01.sorted.bam
    shell:
        ngmlr -t 10 -r GCF_000001405.26_GRCh38_genomic.fna -q data/FAB39088-288418386_Multi_SQK-LSK108_WA01.merged.fq -x ont | samtools sort -T tmp -o output/mapped/FAB39088-288418386_Multi_SQK-LSK108_WA01.sorted.bam
        (one of the commands exited with non-zero exit code; note that snakemake uses bash strict mode!)
    cluster_jobid: Job <3991885> is submitted to default queue <long>.

Error executing rule ngmlr_align on cluster (jobid: 40, external: Job <3991885> is submitted to default queue <long>., jobscript: /icgc/dkfzlsdf/analysis/C010/brooks/meth_calling_pipeline/.snakemake/tmp.q62w7oi5/snakejob.ngmlr_align.40.sh). For error details see the cluster log and the log files of the involved rule(s).
Job failed, going on with independent jobs.
[Wed Sep  9 21:03:11 2020]
Error in rule ngmlr_align:
    jobid: 41
    output: output/mapped/FAB49164-4045668814_Multi_SQK-LSK108_WA01.sorted.bam
    shell:
        ngmlr -t 10 -r GCF_000001405.26_GRCh38_genomic.fna -q data/FAB49164-4045668814_Multi_SQK-LSK108_WA01.merged.fq -x ont | samtools sort -T tmp -o output/mapped/FAB49164-4045668814_Multi_SQK-LSK108_WA01.sorted.bam
        (one of the commands exited with non-zero exit code; note that snakemake uses bash strict mode!)
    cluster_jobid: Job <3991886> is submitted to default queue <long>.

Error executing rule ngmlr_align on cluster (jobid: 41, external: Job <3991886> is submitted to default queue <long>., jobscript: /icgc/dkfzlsdf/analysis/C010/brooks/meth_calling_pipeline/.snakemake/tmp.q62w7oi5/snakejob.ngmlr_align.41.sh). For error details see the cluster log and the log files of the involved rule(s).
Job failed, going on with independent jobs.
[Wed Sep  9 21:03:55 2020]
Error in rule ngmlr_align:
    jobid: 50
    output: output/mapped/FAB49908-481119249_Multi_SQK-LSK108_WA01.sorted.bam
    shell:
        ngmlr -t 10 -r GCF_000001405.26_GRCh38_genomic.fna -q data/FAB49908-481119249_Multi_SQK-LSK108_WA01.merged.fq -x ont | samtools sort -T tmp -o output/mapped/FAB49908-481119249_Multi_SQK-LSK108_WA01.sorted.bam
        (one of the commands exited with non-zero exit code; note that snakemake uses bash strict mode!)
    cluster_jobid: Job <3991860> is submitted to default queue <long>.

Error executing rule ngmlr_align on cluster (jobid: 50, external: Job <3991860> is submitted to default queue <long>., jobscript: /icgc/dkfzlsdf/analysis/C010/brooks/meth_calling_pipeline/.snakemake/tmp.q62w7oi5/snakejob.ngmlr_align.50.sh). For error details see the cluster log and the log files of the involved rule(s).
Job failed, going on with independent jobs.
[Wed Sep  9 21:05:45 2020]
Error in rule ngmlr_align:
    jobid: 42
    output: output/mapped/FAB42316-216722908_Multi_SQK-LSK108_WA01.sorted.bam
    shell:
        ngmlr -t 10 -r GCF_000001405.26_GRCh38_genomic.fna -q data/FAB42316-216722908_Multi_SQK-LSK108_WA01.merged.fq -x ont | samtools sort -T tmp -o output/mapped/FAB42316-216722908_Multi_SQK-LSK108_WA01.sorted.bam
        (one of the commands exited with non-zero exit code; note that snakemake uses bash strict mode!)
    cluster_jobid: Job <3991890> is submitted to default queue <long>.

Error executing rule ngmlr_align on cluster (jobid: 42, external: Job <3991890> is submitted to default queue <long>., jobscript: /icgc/dkfzlsdf/analysis/C010/brooks/meth_calling_pipeline/.snakemake/tmp.q62w7oi5/snakejob.ngmlr_align.42.sh). For error details see the cluster log and the log files of the involved rule(s).
Job failed, going on with independent jobs.
[Wed Sep  9 21:06:29 2020]
Finished job 33.
30 of 115 steps (26%) done
[Wed Sep  9 21:07:13 2020]
Error in rule ngmlr_align:
    jobid: 47
    output: output/mapped/FAB45277-86567043_Multi_SQK-LSK108_WA01.sorted.bam
    shell:
        ngmlr -t 10 -r GCF_000001405.26_GRCh38_genomic.fna -q data/FAB45277-86567043_Multi_SQK-LSK108_WA01.merged.fq -x ont | samtools sort -T tmp -o output/mapped/FAB45277-86567043_Multi_SQK-LSK108_WA01.sorted.bam
        (one of the commands exited with non-zero exit code; note that snakemake uses bash strict mode!)
    cluster_jobid: Job <3991851> is submitted to default queue <long>.

Error executing rule ngmlr_align on cluster (jobid: 47, external: Job <3991851> is submitted to default queue <long>., jobscript: /icgc/dkfzlsdf/analysis/C010/brooks/meth_calling_pipeline/.snakemake/tmp.q62w7oi5/snakejob.ngmlr_align.47.sh). For error details see the cluster log and the log files of the involved rule(s).
Job failed, going on with independent jobs.
[Wed Sep  9 21:09:02 2020]
Error in rule ngmlr_align:
    jobid: 56
    output: output/mapped/FAF05869-87644245_Multi_SQK-LSK108_WA01.sorted.bam
    shell:
        ngmlr -t 10 -r GCF_000001405.26_GRCh38_genomic.fna -q data/FAF05869-87644245_Multi_SQK-LSK108_WA01.merged.fq -x ont | samtools sort -T tmp -o output/mapped/FAF05869-87644245_Multi_SQK-LSK108_WA01.sorted.bam
        (one of the commands exited with non-zero exit code; note that snakemake uses bash strict mode!)
    cluster_jobid: Job <3991830> is submitted to default queue <long>.

Error executing rule ngmlr_align on cluster (jobid: 56, external: Job <3991830> is submitted to default queue <long>., jobscript: /icgc/dkfzlsdf/analysis/C010/brooks/meth_calling_pipeline/.snakemake/tmp.q62w7oi5/snakejob.ngmlr_align.56.sh). For error details see the cluster log and the log files of the involved rule(s).
Job failed, going on with independent jobs.
[Wed Sep  9 21:10:53 2020]
Error in rule ngmlr_align:
    jobid: 45
    output: output/mapped/FAB44989-2567311907_Multi_SQK-LSK108_WA01.sorted.bam
    shell:
        ngmlr -t 10 -r GCF_000001405.26_GRCh38_genomic.fna -q data/FAB44989-2567311907_Multi_SQK-LSK108_WA01.merged.fq -x ont | samtools sort -T tmp -o output/mapped/FAB44989-2567311907_Multi_SQK-LSK108_WA01.sorted.bam
        (one of the commands exited with non-zero exit code; note that snakemake uses bash strict mode!)
    cluster_jobid: Job <3991887> is submitted to default queue <long>.

Error executing rule ngmlr_align on cluster (jobid: 45, external: Job <3991887> is submitted to default queue <long>., jobscript: /icgc/dkfzlsdf/analysis/C010/brooks/meth_calling_pipeline/.snakemake/tmp.q62w7oi5/snakejob.ngmlr_align.45.sh). For error details see the cluster log and the log files of the involved rule(s).
Job failed, going on with independent jobs.
[Wed Sep  9 21:13:49 2020]
Error in rule ngmlr_align:
    jobid: 53
    output: output/mapped/FAF01132-84868110_Multi_SQK-LSK108_WA01.sorted.bam
    shell:
        ngmlr -t 10 -r GCF_000001405.26_GRCh38_genomic.fna -q data/FAF01132-84868110_Multi_SQK-LSK108_WA01.merged.fq -x ont | samtools sort -T tmp -o output/mapped/FAF01132-84868110_Multi_SQK-LSK108_WA01.sorted.bam
        (one of the commands exited with non-zero exit code; note that snakemake uses bash strict mode!)
    cluster_jobid: Job <3991883> is submitted to default queue <long>.

Error executing rule ngmlr_align on cluster (jobid: 53, external: Job <3991883> is submitted to default queue <long>., jobscript: /icgc/dkfzlsdf/analysis/C010/brooks/meth_calling_pipeline/.snakemake/tmp.q62w7oi5/snakejob.ngmlr_align.53.sh). For error details see the cluster log and the log files of the involved rule(s).
Job failed, going on with independent jobs.
[Wed Sep  9 21:13:49 2020]
Error in rule ngmlr_align:
    jobid: 46
    output: output/mapped/FAB45271-152889212_Multi_SQK-LSK108_WA01.sorted.bam
    shell:
        ngmlr -t 10 -r GCF_000001405.26_GRCh38_genomic.fna -q data/FAB45271-152889212_Multi_SQK-LSK108_WA01.merged.fq -x ont | samtools sort -T tmp -o output/mapped/FAB45271-152889212_Multi_SQK-LSK108_WA01.sorted.bam
        (one of the commands exited with non-zero exit code; note that snakemake uses bash strict mode!)
    cluster_jobid: Job <3991884> is submitted to default queue <long>.

Error executing rule ngmlr_align on cluster (jobid: 46, external: Job <3991884> is submitted to default queue <long>., jobscript: /icgc/dkfzlsdf/analysis/C010/brooks/meth_calling_pipeline/.snakemake/tmp.q62w7oi5/snakejob.ngmlr_align.46.sh). For error details see the cluster log and the log files of the involved rule(s).
Job failed, going on with independent jobs.
[Wed Sep  9 21:14:33 2020]
Error in rule ngmlr_align:
    jobid: 57
    output: output/mapped/FAF18554-4178920553_Multi_SQK-LSK108_WA01.sorted.bam
    shell:
        ngmlr -t 10 -r GCF_000001405.26_GRCh38_genomic.fna -q data/FAF18554-4178920553_Multi_SQK-LSK108_WA01.merged.fq -x ont | samtools sort -T tmp -o output/mapped/FAF18554-4178920553_Multi_SQK-LSK108_WA01.sorted.bam
        (one of the commands exited with non-zero exit code; note that snakemake uses bash strict mode!)
    cluster_jobid: Job <3991889> is submitted to default queue <long>.

Error executing rule ngmlr_align on cluster (jobid: 57, external: Job <3991889> is submitted to default queue <long>., jobscript: /icgc/dkfzlsdf/analysis/C010/brooks/meth_calling_pipeline/.snakemake/tmp.q62w7oi5/snakejob.ngmlr_align.57.sh). For error details see the cluster log and the log files of the involved rule(s).
Job failed, going on with independent jobs.
[Wed Sep  9 21:15:14 2020]
Error in rule ngmlr_align:
    jobid: 43
    output: output/mapped/FAB42451-4239353418_Multi_SQK-LSK108_WA01.sorted.bam
    shell:
        ngmlr -t 10 -r GCF_000001405.26_GRCh38_genomic.fna -q data/FAB42451-4239353418_Multi_SQK-LSK108_WA01.merged.fq -x ont | samtools sort -T tmp -o output/mapped/FAB42451-4239353418_Multi_SQK-LSK108_WA01.sorted.bam
        (one of the commands exited with non-zero exit code; note that snakemake uses bash strict mode!)
    cluster_jobid: Job <3991861> is submitted to default queue <long>.

Error executing rule ngmlr_align on cluster (jobid: 43, external: Job <3991861> is submitted to default queue <long>., jobscript: /icgc/dkfzlsdf/analysis/C010/brooks/meth_calling_pipeline/.snakemake/tmp.q62w7oi5/snakejob.ngmlr_align.43.sh). For error details see the cluster log and the log files of the involved rule(s).
Job failed, going on with independent jobs.
[Wed Sep  9 21:18:54 2020]
Finished job 26.
31 of 115 steps (27%) done
[Wed Sep  9 21:22:34 2020]
Finished job 37.
32 of 115 steps (28%) done
[Wed Sep  9 21:26:15 2020]
Finished job 28.
33 of 115 steps (29%) done
[Wed Sep  9 21:31:55 2020]
Finished job 30.
34 of 115 steps (30%) done
[Wed Sep  9 21:33:35 2020]
Finished job 34.
35 of 115 steps (30%) done
[Wed Sep  9 21:36:16 2020]
Finished job 27.
36 of 115 steps (31%) done
[Wed Sep  9 21:39:46 2020]
Finished job 22.
37 of 115 steps (32%) done
[Wed Sep  9 21:41:56 2020]
Finished job 21.
38 of 115 steps (33%) done
Exiting because a job execution failed. Look above for error message
Complete log: /icgc/dkfzlsdf/analysis/C010/brooks/meth_calling_pipeline/.snakemake/log/2020-09-09T193850.084845.snakemake.log
