Building DAG of jobs...
Using shell: /usr/bin/bash
Provided cores: 1
Rules claiming more threads will be scaled down.
Job counts:
	count	jobs
	1	all
	1	def_region
	1	index_bams
	1	split_bam
	1	split_meth
	1	subset_meth
	6

[Thu Sep  3 18:30:30 2020]
rule def_region:
    input: data/FAB39075.bam
    output: output/FAB39075.chr17:64803882-66303882.region.bam
    jobid: 1
    wildcards: sample=FAB39075, roi=chr17:64803882-66303882

[Thu Sep  3 18:30:30 2020]
Finished job 1.
1 of 6 steps (17%) done

[Thu Sep  3 18:30:30 2020]
rule index_bams:
    input: output/FAB39075.chr17:64803882-66303882.region.bam
    output: output/FAB39075.chr17:64803882-66303882.region.bam.bai
    jobid: 4
    wildcards: sample=FAB39075, roi=chr17:64803882-66303882

[Thu Sep  3 18:30:30 2020]
Finished job 4.
2 of 6 steps (33%) done

[Thu Sep  3 18:30:30 2020]
rule subset_meth:
    input: data/FAB39075.meth_calls.tsv, output/FAB39075.chr17:64803882-66303882.region.bam, output/FAB39075.chr17:64803882-66303882.region.bam.bai
    output: output/FAB39075.chr17:64803882-66303882.meth_calls.tsv
    jobid: 3
    wildcards: sample=FAB39075, roi=chr17:64803882-66303882

[Thu Sep  3 18:30:47 2020]
Finished job 3.
3 of 6 steps (50%) done

[Thu Sep  3 18:30:47 2020]
rule split_bam:
    input: output/FAB39075.chr17:64803882-66303882.region.bam, output/FAB39075.chr17:64803882-66303882.region.bam.bai
    output: output/FAB39075.chr17:64803882-66303882_deletion_readids.txt, output/FAB39075.chr17:64803882-66303882_deletions.bam, output/FAB39075.chr17:64803882-66303882_nodeletions.bam
    jobid: 2
    wildcards: sample=FAB39075, roi=chr17:64803882-66303882

[Thu Sep  3 18:30:48 2020]
Finished job 2.
4 of 6 steps (67%) done

[Thu Sep  3 18:30:48 2020]
rule split_meth:
    input: output/FAB39075.chr17:64803882-66303882.meth_calls.tsv, output/FAB39075.chr17:64803882-66303882_deletion_readids.txt
    output: output/FAB39075.chr17:64803882-66303882_deletion_meth_calls.tsv, output/FAB39075.chr17:64803882-66303882_nodeletion_meth_calls.tsv
    jobid: 5
    wildcards: sample=FAB39075, roi=chr17:64803882-66303882

[Thu Sep  3 18:30:49 2020]
Finished job 5.
5 of 6 steps (83%) done

[Thu Sep  3 18:30:49 2020]
localrule all:
    input: output/FAB39075.chr17:64803882-66303882.region.bam, output/FAB39075.chr17:64803882-66303882.region.bam.bai, output/FAB39075.chr17:64803882-66303882.meth_calls.tsv, output/FAB39075.chr17:64803882-66303882_deletion_readids.txt, output/FAB39075.chr17:64803882-66303882_deletions.bam, output/FAB39075.chr17:64803882-66303882_nodeletions.bam, output/FAB39075.chr17:64803882-66303882_deletion_meth_calls.tsv, output/FAB39075.chr17:64803882-66303882_nodeletion_meth_calls.tsv
    jobid: 0

[Thu Sep  3 18:30:49 2020]
Finished job 0.
6 of 6 steps (100%) done
Complete log: /icgc/dkfzlsdf/analysis/C010/brooks/del_detect/.snakemake/log/2020-09-03T183029.983817.snakemake.log
