Building DAG of jobs...
Using shell: /usr/bin/bash
Provided cores: 1
Rules claiming more threads will be scaled down.
Job counts:
	count	jobs
	1	all
	1	def_region
	1	index_bams
	1	split_bam
	1	split_meth
	1	subset_meth
	6

[Wed Sep  2 17:49:22 2020]
rule def_region:
    input: FAB39075.bam
    output: FAB39075.chr17:64803882-66303882.region.bam
    jobid: 1
    wildcards: sample=FAB39075, roi=chr17:64803882-66303882

[Wed Sep  2 17:49:22 2020]
Finished job 1.
1 of 6 steps (17%) done

[Wed Sep  2 17:49:22 2020]
rule index_bams:
    input: FAB39075.chr17:64803882-66303882.region.bam
    output: FAB39075.chr17:64803882-66303882.region.bam.bai
    jobid: 4
    wildcards: sample=FAB39075, roi=chr17:64803882-66303882

[Wed Sep  2 17:49:22 2020]
Finished job 4.
2 of 6 steps (33%) done

[Wed Sep  2 17:49:22 2020]
rule subset_meth:
    input: FAB39075.meth_calls.tsv, FAB39075.chr17:64803882-66303882.region.bam, FAB39075.chr17:64803882-66303882.region.bam.bai
    output: FAB39075.chr17:64803882-66303882.meth_calls.tsv
    jobid: 5
    wildcards: sample=FAB39075, roi=chr17:64803882-66303882

[Wed Sep  2 17:49:49 2020]
Finished job 5.
3 of 6 steps (50%) done

[Wed Sep  2 17:49:49 2020]
rule split_bam:
    input: FAB39075.chr17:64803882-66303882.region.bam, FAB39075.chr17:64803882-66303882.region.bam.bai
    output: FAB39075.chr17:64803882-66303882_deletion_readids.txt, FAB39075.chr17:64803882-66303882_deletions.bam, FAB39075.chr17:64803882-66303882_nodeletions.bam
    jobid: 2
    wildcards: sample=FAB39075, roi=chr17:64803882-66303882

Waiting at most 120 seconds for missing files.
MissingOutputException in line 66 of /icgc/dkfzlsdf/analysis/C010/brooks/del_detect/Snakefile:
Missing files after 120 seconds:
FAB39075.chr17:64803882-66303882_deletion_readids.txt
FAB39075.chr17:64803882-66303882_deletions.bam
FAB39075.chr17:64803882-66303882_nodeletions.bam
This might be due to filesystem latency. If that is the case, consider to increase the wait time with --latency-wait.
Shutting down, this might take some time.
Exiting because a job execution failed. Look above for error message
Complete log: /icgc/dkfzlsdf/analysis/C010/brooks/del_detect/.snakemake/log/2020-09-02T174921.299229.snakemake.log
