Building DAG of jobs...
Using shell: /usr/bin/bash
Provided cores: 1
Rules claiming more threads will be scaled down.
Job counts:
	count	jobs
	1	all
	1	index_bams
	1	subset_meth
	3

[Tue Sep  1 20:04:29 2020]
rule subset_meth:
    input: FAB39075.meth_calls.tsv, FAB39075.chr17:64803882-66303882.region.bam
    output: FAB39075.chr17:64803882-66303882.meth_calls.tsv
    jobid: 1
    wildcards: sample=FAB39075, roi=chr17:64803882-66303882

[Tue Sep  1 20:04:44 2020]
Finished job 1.
1 of 3 steps (33%) done

[Tue Sep  1 20:04:44 2020]
rule index_bams:
    input: FAB39075.chr17:64803882-66303882.region.bam
    output: FAB39075.chr17:64803882-66303882.region.bam.bai
    jobid: 2
    wildcards: sample=FAB39075, roi=chr17:64803882-66303882

[Tue Sep  1 20:04:44 2020]
Finished job 2.
2 of 3 steps (67%) done

[Tue Sep  1 20:04:44 2020]
localrule all:
    input: FAB39075.chr17:64803882-66303882.region.bam, FAB39075.chr17:64803882-66303882.region.bam.bai, FAB39075.chr17:64803882-66303882.meth_calls.tsv
    jobid: 0

[Tue Sep  1 20:04:44 2020]
Finished job 0.
3 of 3 steps (100%) done
Complete log: /icgc/dkfzlsdf/analysis/C010/brooks/del_detect/.snakemake/log/2020-09-01T200429.360499.snakemake.log
