Building DAG of jobs...
Using shell: /usr/bin/bash
Provided cores: 1
Rules claiming more threads will be scaled down.
Job counts:
	count	jobs
	1	all
	1	def_region
	1	index_bams
	1	split_bam
	1	subset_meth
	5

[Wed Sep  2 17:05:43 2020]
rule def_region:
    input: FAB39075.bam
    output: FAB39075.chr17:64803882-66303882.region.bam
    jobid: 3
    wildcards: sample=FAB39075, roi=chr17:64803882-66303882

[Wed Sep  2 17:05:44 2020]
Finished job 3.
1 of 5 steps (20%) done

[Wed Sep  2 17:05:44 2020]
rule index_bams:
    input: FAB39075.chr17:64803882-66303882.region.bam
    output: FAB39075.chr17:64803882-66303882.region.bam.bai
    jobid: 4
    wildcards: sample=FAB39075, roi=chr17:64803882-66303882

[Wed Sep  2 17:05:44 2020]
Finished job 4.
2 of 5 steps (40%) done

[Wed Sep  2 17:05:44 2020]
rule subset_meth:
    input: FAB39075.meth_calls.tsv, FAB39075.chr17:64803882-66303882.region.bam, FAB39075.chr17:64803882-66303882.region.bam.bai
    output: FAB39075.chr17:64803882-66303882.meth_calls.tsv
    jobid: 2
    wildcards: sample=FAB39075, roi=chr17:64803882-66303882

[Wed Sep  2 17:06:23 2020]
Finished job 2.
3 of 5 steps (60%) done

[Wed Sep  2 17:06:23 2020]
rule split_bam:
    input: FAB39075.chr17:64803882-66303882.region.bam, FAB39075.chr17:64803882-66303882.region.bam.bai
    output: FAB39075.chr17:64803882-66303882_deletion_readids.txt, FAB39075.chr17:64803882-66303882_deletions.bam, FAB39075.chr17:64803882-66303882_nodeletions.bam
    jobid: 1
    wildcards: sample=FAB39075, roi=chr17:64803882-66303882

Waiting at most 5 seconds for missing files.
MissingOutputException in line 64 of /icgc/dkfzlsdf/analysis/C010/brooks/del_detect/Snakefile:
Missing files after 5 seconds:
FAB39075.chr17:64803882-66303882_deletion_readids.txt
FAB39075.chr17:64803882-66303882_deletions.bam
FAB39075.chr17:64803882-66303882_nodeletions.bam
This might be due to filesystem latency. If that is the case, consider to increase the wait time with --latency-wait.
Shutting down, this might take some time.
Exiting because a job execution failed. Look above for error message
Complete log: /icgc/dkfzlsdf/analysis/C010/brooks/del_detect/.snakemake/log/2020-09-02T170542.947097.snakemake.log
