Building DAG of jobs...
Using shell: /usr/bin/bash
Provided cores: 1
Rules claiming more threads will be scaled down.
Job counts:
	count	jobs
	1	all
	1	split_bam
	1	split_meth
	3

[Wed Sep  2 18:04:51 2020]
rule split_bam:
    input: FAB39075.chr17:64803882-66303882.region.bam, FAB39075.chr17:64803882-66303882.region.bam.bai
    output: FAB39075.chr17:64803882-66303882_deletion_readids.txt, FAB39075.chr17:64803882-66303882_deletions.bam, FAB39075.chr17:64803882-66303882_nodeletions.bam
    jobid: 2
    wildcards: sample=FAB39075, roi=chr17:64803882-66303882

[Wed Sep  2 18:04:53 2020]
Finished job 2.
1 of 3 steps (33%) done

[Wed Sep  2 18:04:53 2020]
rule split_meth:
    input: FAB39075.chr17:64803882-66303882.meth_calls.tsv, FAB39075.chr17:64803882-66303882_deletion_readids.txt
    output: FAB39075.chr17:64803882-66303882_deletion_meth_calls.tsv, FAB39075.chr17:64803882-66303882_nodeletion_meth_calls.tsv
    jobid: 3
    wildcards: sample=FAB39075, roi=chr17:64803882-66303882

[Wed Sep  2 18:04:55 2020]
Finished job 3.
2 of 3 steps (67%) done

[Wed Sep  2 18:04:55 2020]
localrule all:
    input: FAB39075.chr17:64803882-66303882.region.bam, FAB39075.chr17:64803882-66303882.region.bam.bai, FAB39075.chr17:64803882-66303882.meth_calls.tsv, FAB39075.chr17:64803882-66303882_deletion_readids.txt, FAB39075.chr17:64803882-66303882_deletions.bam, FAB39075.chr17:64803882-66303882_nodeletions.bam, FAB39075.chr17:64803882-66303882_deletion_meth_calls.tsv, FAB39075.chr17:64803882-66303882_nodeletion_meth_calls.tsv
    jobid: 0

[Wed Sep  2 18:04:55 2020]
Finished job 0.
3 of 3 steps (100%) done
Complete log: /icgc/dkfzlsdf/analysis/C010/brooks/del_detect/.snakemake/log/2020-09-02T180450.554095.snakemake.log
