Building DAG of jobs...
Using shell: /usr/bin/bash
Provided cores: 1
Rules claiming more threads will be scaled down.
Job counts:
	count	jobs
	1	all
	1	def_region
	1	index_bams
	1	split_bam
	1	split_meth
	1	subset_meth
	6

[Wed Sep  2 18:44:43 2020]
rule def_region:
    input: FAB39075.bam
    output: output/FAB39075.chr17:64803882-66303882.region.bam
    jobid: 3
    wildcards: sample=FAB39075, roi=chr17:64803882-66303882

[Wed Sep  2 18:44:44 2020]
Finished job 3.
1 of 6 steps (17%) done

[Wed Sep  2 18:44:44 2020]
rule index_bams:
    input: output/FAB39075.chr17:64803882-66303882.region.bam
    output: output/FAB39075.chr17:64803882-66303882.region.bam.bai
    jobid: 4
    wildcards: sample=FAB39075, roi=chr17:64803882-66303882

[Wed Sep  2 18:44:44 2020]
Finished job 4.
2 of 6 steps (33%) done

[Wed Sep  2 18:44:44 2020]
rule subset_meth:
    input: FAB39075.meth_calls.tsv, output/FAB39075.chr17:64803882-66303882.region.bam, output/FAB39075.chr17:64803882-66303882.region.bam.bai
    output: output/FAB39075.chr17:64803882-66303882.meth_calls.tsv
    jobid: 5
    wildcards: sample=FAB39075, roi=chr17:64803882-66303882

[Wed Sep  2 18:45:11 2020]
Finished job 5.
3 of 6 steps (50%) done

[Wed Sep  2 18:45:11 2020]
rule split_bam:
    input: output/FAB39075.chr17:64803882-66303882.region.bam, output/FAB39075.chr17:64803882-66303882.region.bam.bai
    output: output/FAB39075.chr17:64803882-66303882_deletion_readids.txt, output/FAB39075.chr17:64803882-66303882_deletions.bam, output/FAB39075.chr17:64803882-66303882_nodeletions.bam
    jobid: 2
    wildcards: sample=FAB39075, roi=chr17:64803882-66303882

RuleException in line 74 of /icgc/dkfzlsdf/analysis/C010/brooks/del_detect/Snakefile:
NameError: The name 'sample' is unknown in this context. Please make sure that you defined that variable. Also note that braces not used for variable access have to be escaped by repeating them, i.e. {{print $1}}
