Building DAG of jobs...
Using shell: /usr/bin/bash
Provided cores: 1
Rules claiming more threads will be scaled down.
Job counts:
	count	jobs
	1	all
	1	split_bam
	1	split_meth
	3

[Wed Sep  2 17:56:53 2020]
rule split_bam:
    input: FAB39075.chr17:64803882-66303882.region.bam, FAB39075.chr17:64803882-66303882.region.bam.bai
    output: FAB39075.chr17:64803882-66303882_deletion_readids.txt, FAB39075.chr17:64803882-66303882_deletions.bam, FAB39075.chr17:64803882-66303882_nodeletions.bam
    jobid: 2
    wildcards: sample=FAB39075, roi=chr17:64803882-66303882

Waiting at most 5 seconds for missing files.
MissingOutputException in line 66 of /icgc/dkfzlsdf/analysis/C010/brooks/del_detect/Snakefile:
Missing files after 5 seconds:
FAB39075.chr17:64803882-66303882_deletion_readids.txt
FAB39075.chr17:64803882-66303882_deletions.bam
FAB39075.chr17:64803882-66303882_nodeletions.bam
This might be due to filesystem latency. If that is the case, consider to increase the wait time with --latency-wait.
Shutting down, this might take some time.
Exiting because a job execution failed. Look above for error message
Complete log: /icgc/dkfzlsdf/analysis/C010/brooks/del_detect/.snakemake/log/2020-09-02T175651.927181.snakemake.log
