Building DAG of jobs...
Using shell: /usr/bin/bash
Provided cores: 1
Rules claiming more threads will be scaled down.
Job counts:
	count	jobs
	1	all
	1	def_region
	1	index_bams
	1	subset_meth
	4

[Tue Sep  1 20:06:08 2020]
rule def_region:
    input: FAB39075.bam
    output: FAB39075.chr17:64803882-66303882.region.bam
    jobid: 3
    wildcards: sample=FAB39075, roi=chr17:64803882-66303882

[Tue Sep  1 20:06:08 2020]
Finished job 3.
1 of 4 steps (25%) done

[Tue Sep  1 20:06:08 2020]
rule index_bams:
    input: FAB39075.chr17:64803882-66303882.region.bam
    output: FAB39075.chr17:64803882-66303882.region.bam.bai
    jobid: 2
    wildcards: sample=FAB39075, roi=chr17:64803882-66303882

[Tue Sep  1 20:06:08 2020]
Finished job 2.
2 of 4 steps (50%) done

[Tue Sep  1 20:06:08 2020]
rule subset_meth:
    input: FAB39075.meth_calls.tsv, FAB39075.chr17:64803882-66303882.region.bam, FAB39075.chr17:64803882-66303882.region.bam.bai
    output: FAB39075.chr17:64803882-66303882.meth_calls.tsv
    jobid: 1
    wildcards: sample=FAB39075, roi=chr17:64803882-66303882

[Tue Sep  1 20:06:21 2020]
Finished job 1.
3 of 4 steps (75%) done

[Tue Sep  1 20:06:21 2020]
localrule all:
    input: FAB39075.chr17:64803882-66303882.region.bam, FAB39075.chr17:64803882-66303882.region.bam.bai, FAB39075.chr17:64803882-66303882.meth_calls.tsv
    jobid: 0

[Tue Sep  1 20:06:21 2020]
Finished job 0.
4 of 4 steps (100%) done
Complete log: /icgc/dkfzlsdf/analysis/C010/brooks/del_detect/.snakemake/log/2020-09-01T200608.222069.snakemake.log
